1261477398
1464440271
1226670163
1069771147
734088175
899903247
884867198
1542453298
1438965924
866131367
1461499082
1277742729
894813105
93621511
681689566
918297554
1226926940
1624721511
39886087
1499270542
1130446534
1253337973
1064499779
1161144494
1111842168
988286154
1044067620
1265694732
986046126
1118562426
1163360758
1696793935
138277683
1469529103
1534394853
880697697
536273147
993943752
1422121332
1367573156
1086649656
959112317
553133472
685846362
923773927
1565262416
1445486088
972431476
818833797
831451346
847556110
1817279198
311756052
479466568
1097301619
775210405
682366381
105888004
1255445685
606036521
539154211
1625175513
221370986
205932096
839737737
1067675970
724130604
1482706149
592689114
1118404913
753716452
827044769
1327669776
1334898296
1128657356
737410079
1022896279
1038291995
213531356
524102598
1129392471
417795311
1388914449
1537019403
794880488
960158234
1123799868
750529584
1861669538
827905084
886718176
131588611
693630078
1259112199
1363441852
903235837
655221978
332319469
1641144867
744778519
1623734154
1550761474
858707808
1254944949
1075710125
1031478153
835547449
1200049834
836997852
1053157360
1232675565
993343622
1275665869
1570726636
1013358931
708127675
914517366
1037097689
659407524
1642407545
1322497642
633041692
1457258413
1316780604
386139549
1579884364
1091015740
1207577567
1377736847
1910134932
1409108134
1050018233
1029482295
653641930
1376666073
125961544
1274161570
1247880421
992055258
481323329
1717774343
1346933893
636185550
968842441
1388071795
1234292385
1471306438
825379593
1044579964
1029581948
1495005836
1190793430
525871570
726405094
1733313645
1239844506
1562044641
478521446
1274514709
806513494
1280304424
451606860
636626400
742840293
867681191
500620236
1708253909
1810408878
1338285776
667580140
559820890
1474935957
789796598
703910062
582863736
721567477
1590995838
992077715
1451336931
336153139
1036686650
1199203236
1506322034
944877010
1259331171
1178153557
935035923
123524083
266614541
511093325
344067201
899913923
758034002
104860655
859514527
867765035
1453987218
843481085
1576494478
152654572
241654163
430005218
311412843
654828418
390834089
231937331
1298277491
590715685
630667858
940001925
92927679
1370264154
1075834753
1406614532
1657512551
1535298254
1720106634
578329391
801856557
1300413479
361676990
1538779435
860088674
814009114
988110784
1161621498
708761674
1144067132
1478490233
640975869
1105555475
1001569126
1336117336
1710290670
1354247028
1025597016
550653678
825898857
450770741
1009998159
803763772
791020812
1703239768
1528396604
1487019080
502223660
983925750
1445888520
1213503838
988071305
656718111
925403939
545317758
478781079
620422329
1233802869
1351702837
1126419504
651676708
506220772
891408033
1539687403
867969148
570115553
1063777878
1011962987
1147507041
837071577
1316306000
624545929
1654698905
1370088569
367285551
1626387379
1457740322
135473513
803277771
300965775
1487442699
1146694330
752630245
1021287981
1103406766
1576798662
786943995
709750992
509590915
637955266
925025281
1011952140
1185920309
1176420977
720453964
693782893
1527264274
989267036
1299155764
1242717273
1927606493
1231423391
716731688
1401059868
950772451
340654404
1437434483
503280472
624994404
168808213
928711244
730030695
1208447114
1077013169
1285412943
213368545
1380587681
992338036
1034952207
1505879107
1106604607
1065304990
1000195897
978973083
1759959953
859966532
821182797
424656199
1141299335
1044304754
1712068217
521578648
651156376
1109877172
1042994124
1326348349
822533262
846588045
890897451
458699921
1745245085
1198584309
721225913
971214658
1456244301
1217766913
948618422
1075239850
876250971
102864633
1220685174
1313909241
1712851991
1432079532
1169606615
1195848647
1231332409
1216349307
1441341357
1343965922
543119437
294302142
1328768998
842876846
1495093066
852587208
1469326435
795680599
1619578402
1115566288
729583323
516060972
728401531
738292974
850946671
875452172
305091569
423025227
1069724747
817497650
1683566923
423926053
113080132
1725394650
1832672711
761869357
1452773452
1184880542
1402966714
605329250
830468962
1150214647
1508118550
921314648
166809288
1061578420
582886053
1632602792
987674462
1135045881
678469960
1068671149
200721170
1356482733
1033450347
1706851084
166905431
738717913
1534424196
633772763
1293910782
1558433876
990144937
674844153
1334303166
1521660655
1585687075
1815377327
1157996849
1171003069
291215271
1161355115
1843972214
1288336740
1181943679
857332753
1164081161
566247053
579806078
1578220825
993908745
611076012
217179182
382858201
1354047124
1608060008
1140518799
1182503785
1000026866
1679883506
1044096750
901580054
1021945191
1893661826
286015210
998603021
982425327
1484104762
967311206
681711679
924440727
1060651062
1729428065
1176271267
1300578309
1561760819
1062336486
1452341773
1168942828
1443969151
594219464
1460696130
1343719576
657755831
1462007188
195683361
591571104
1610460638
995808907
1473531958
1541149764
195645623
443623622
970905005
1174877357
795993052
528380466
924640261
1822941029
1175788691
326517545
1044844822
714717113
759673777
1371297068
1036324730
1500049977
926145177
1415157607
1276137917
306671236
328464502
1070321564
1085516365
1362410958
933473474
1550085189
598385124
321976130
258084985
881261732
664332336
403838126
1413635239
1114637030
475628496
181038945
768322847
1785705386
1130925326
1315404738
522800338
929107106
661230631
133934676
959014923
895807533
806505698
1177845955
1259791708
678762262
296855277
1717261735
1082937807
1046634116
1227823844
1227631714
1830947764
1056264473
470207661
365927717
1564862287
1044732087
1246767531
1664693087
491509947
383080975
1391701074
675547732
1038011785
493529202
1199376533
668419184
886851848
1145394305
564217909
1434564924
1411331727
1458369529
1340479694
1091487187
1179190491
1004959351
818858853
1609923866
1380605740
921080186
995938636
1076876459
908736447
1649411858
345501840
1594436416
1022501957
778462794
815322823
1182294319
1119398563
366958792
1237028315
613559442
1014943534
535149590
1026865391
1231695877
1553987430
776431843
498752692
1440878492
1203216228
1210384366
440546792
460666021
1028609700
1012932615
472715471
1172600445
281518657
1297566224
1253833204
508297311
590371319
1266052989
1102425752
528205745
993586071
425237402
1310354565
1659012273
1077752345
1060952563
953464140
1224972036
301027045
929721399
1657473120
1627673812
1048464734
1541358024
1775576575
1217635498
1552748032
774772854
430897031
1611930435
802763635
663794305
1513549807
391445381
345959737
778664535
1322006011
818777974
1693607098
821222265
1361755543
1339767578
460765905
1063241193
904118810
1631142712
1537739019
383923579
1225480204
1006730724
1094199981
1394922492
934040437
1500701807
530292366
1712116335
1703348626
1359531640
1201147474
876679498
693339488
1371076330
235785066
961206460
522257757
1089284912
1093053799
869311622
704210983
812152906
325027435
1741564665
1141865664
320471361
723393912
857548815
870989583
1633469612
670111471
1494827914
796255603
531702906
1245542653
1152782819
621170285
1759234175
1506135288
456210399
1543602493
941501141
1435544672
587438121
789273424
1294476764
1108458368
1741004490
1257048962
1170067244
1342965762
1164539082
756054480
842460071
1934489894
1492715741
839170334
1210339458
935630190
722216655
887388956
573667287
1727560717
328018488
148382294
1075675248
1129553341
1219911916
562360163
1060731705
1223121552
219291308
255996317
1526923643
1905881251
580782728
449758116
1733869992
754779651
1649659110
1752118660
543530448
860231963
1178228635
1270030726
547966155
200263605
1486791726
462612431
1302983229
1326232195
607579860
818478598
612423396
1548020492
508757674
908541578
1825477090
1467868970
1495918353
827728347
1204625312
1219082041
1751881631
206709366
735995876
1883234034
1432994169
808935001
1486829662
617068058
1055585274
1312973884
1394153068
698931717
688988150
1493976054
545261103
1282296884
1160962792
1493431399
824442078
972600832
276021288
1271804876
454683307
1269472466
441999614
619020315
696486930
318142806
745332103
853804011
864424408
698535298
871143750
1215139464
1372548829
1968345882
1455802479
1486916063
1573805611
566438112
985828465
1042452015
554369683
927598602
819395194
969838637
1406765546
1576824968
698576963
1589073423
1067923989
547625547
988222049
507963998
913511015
1009296708
685011470
1959412825
904866846
1294984197
1461276029
973000056
562115466
1266789677
1310633010
153761627
770374683
1505216240
917884546
836553147
282666792
1710921898
442445839
820293572
608481646
1873554578
1538289698
983916856
1791703736
1395680719
1696104623
857629290
1508335604
1078555100
1472281439
445253315
1260621357
952202748
1380186241
1490020189
1106477307
559221202
1183318598
1911112861
1000553529
433387546
399132773
968931960
1189999888
1634524299
1202582567
235259422
856428283
643070412
848432426
1011128240
1541046385
622686830
1057043360
698853354
1105910739
234701175
786129419
871507219
1418557641
196017511
592739308
1145310956
1316018051
747765280
995385193
369265796
751365956
638318438
1137408614
171146163
1803883524
1001279306
694368130
642843405
791171821
112222798
1125696895
1214412363
753051027
1287617232
1016727864
357172947
434739810
1287172260
285642962
505739058
774424508
524806129
693061903
55470406
304015747
839391242
1010922582
211669514
1103799528
1539406156
607111635
640268093
1090001024
804648600
1351212795
1492789571
1714908158
1487377734
631231069
705763469
879568240
1185517478
589645628
770128737
748962698
688597285
189049741
1169380004
507475284
1143152462
1781434572
1750305298
479783354
1904986164
441515047
637023528
1261240766
1072527804
1029345909
1197394283
1473387145
894346778
796271139
1931574689
597534114
1380738653
931459199
1175463487
1281109091
954277031
423224150
590836246
547041817
105073417
1677695768
676840171
844322935
221212135
922924074
309926375
812541980
1252934926
874162600
344514001
1076751144
1071565146
206452486
754833718
1410150625
604959662
1066750350
1605916134
972044155
912591190
507046701
1214660243
1185440630
766828549
1113036326
1455115002
1330210921
718349785
884253471
673092798
133668067
905338465
552089259
810295355
1187951823
792225227
224044392
929009743
1587054310
510184675
1240920282
1064032682
1707814241
332420881
870955555
498665396
955216301
1345208906
1283173812
900660570
1322751614
906857489
1546146115
1862476484
1350801163
919360553
1273426931
458145622
1612907349
349442217
329698520
321558740
1036457725
712253137
176140095
707054081
1095731700
471626071
1080791004
1515903020
1105770073
1321203361
551241651
1567220798
1129375913
506401689
1305985724
1116893771
1182657095
1006150879
1199664306
1021874096
1418668915
1399843274
1170503901
910558047
979470546
568414284
1508882481
1431921698
1278786695
830399338
624169454
1471684207
641042187
1403346175
990721573
1755118421
952027271
1212636292
1423422287
1061492518
1701026508
1203337579
698342030
987435647
1819734874
1247334520
659223988
864535356
576882026
1760527830
1124536987
1255013721
709915086
1641500795
643005021
1082373917
1016149418
1162982653
916819811
990463905
848501180
1204832880
711837840
1065188941
1132847852
717518782
1263721412
73933265
1065363574
1127866010
1464334228
1234710259
1516944828
701756268
1002934538
1368079232
1659416709
1078564909
597035336
1391659219
851686858
1210100288
1513425784
1045659352
1017392664
888083253
1108090559
1313953148
606233661
893106918
1121790111
1536524847
1151299206
367503566
1204450880
816906690
1302921558
1003541743
322784752
87037413
750682232
649539561
475542362
1548294026
533405202
1831201971
1314709090
185417706
1323838496
1672171993
1294496307
1526137715
1283036051
1173353848
147682333
491491010
1516267675
668291450
1359863914
1596710552
1313918786
414586021
598333304
877244703
1355606748
1407115289
1256303406
549334290
826767674
588404014
709337459
1489393010
1470627076
967630112
1336048936
480101908
1080695215
1002724995
995341126
585121603
1073642456
1236666373
1816380343
1525676324
169920159
1203275255
1715416485
991512697
1198204571
893564325
398891061
909040394
990186746
1328613722
410815971
1820236579
285740064
595089365
662676025
790718332
554143463
1885471419
604698510
1513638412
696708819
1163879933
781541188
885770684
1308128830
837308126
258887414
1781889795
1675622127
1150733720
318516590
755100504
1237019356
1237963870
817462235
1413556706
1274224612
808204448
1695161079
1107995834
1149343099
772687246
917080865
711017836
211292532
984764035
732814386
1094244381
683463049
1674279194
487481920
923992920
1858610223
950158437
1626031646
1000364571
1163211922
1063330632
1542418220
1230888587
1261184152
364757096
1428644322
1057980879
1040757046
1012710076
936703649
1214870856
871882729
1290863328
667053509
1182251562
1347304064
1031723899
773351495
1333549724
1308887568
1412194534
1141412444
884047107
1032155559
670894957
964842066
745091434
1372017483
56784056
1084666288
1088005135
1088057618
683590427
887088770
1040506135
1276476086
1383658735
396614925
1007199534
1203437080
1336490429
1782688098
879989885
799342707
608352834
1814860104
664853646
160449035
1369252756
421182126
1368525401
1672629470
849765098
1636119640
1736672001
1264988479
1284605931
626248833
1605695197
755682329
1269031919
493454819
884729324
1228749456
1202354629
871343888
704352205
1059478766
1030129879
950601708
1361963284
105655203
649292432
891665620
1597702754
850703332
1629559600
1134332608
330417552
1206460282
1584777187
551382322
761351937
870993312
1117768484
1523277675
866832478
1188526022
742060905
983710355
974980409
321369475
1478852834
1301912194
709828149
927650226
1236927512
823851953
1019600805
1155520682
655918645
1658849767
1156846642
690963350
1066365042
740854938
495662795
930875359
656277315
1656317185
1277633047
1413170698
678050607
783329463
1572015104
758023740
971771443
999459343
1328378523
1857104246
164196145
790804945
442388204
668400164
1677306197
1034205506
783855312
991222516
854187395
1443690757
612665883
1391329134
121707271
680430983
106493518
1115806436
1020499296
1473388259
906470024
1128568174
725226713
1709245918
1703605744
1756767239
637437129
1176501825
769366416
1253450816
1042011425
680122362
464599699
1129576058
524234258
1096986739
832809496
1137916905
1799224149
1240599435
1377595654
1269474295
752276753
1631928968
418382662
950098846
1682239150
630868764
961937002
1059084940
1382469883
1220083795
1454689748
828679340
1258962444
1167351953
591891074
1817365889
1786528062
628288777
1311714387
887950999
1570398611
1981322306
529873601
1268171306
1003815803
1401164203
186470916
1221297974
652789257
732485605
1668350023
1513833594
715915349
979697622
1571466901
1086114860
1186890662
358600956
1086797131
477109368
1553880820
536891366
1015628399
1398369804
1709300055
818295523
658060756
295501021
257953800
1240920165
1637702504
1073809355
463062989
1070143595
1261572001
1082578100
493488933
854304688
1290721799
1660738790
1334491145
793974564
1467929752
310604172
1377041504
568882909
610413177
1431768094
1272811142
720254215
564251830
1077630223
883604602
645057326
755952429
1197724924
833675390
1286372695
1883538446
632592460
229036661
786728955
639818289
1291659819
1389176889
886781396
1634707580
482848399
405997252
1337285115
1047931267
1136276478
1088546423
392464562
840369203
1761756271
1166674006
1110042731
1433786648
815743948
1168997627
1188317174
859196617
656669701
1052537682
351680786
916578698
1402659989
1151447171
1193458423
849586254
1430881000
1050597765
1693110990
1262510638
1386938186
1521609898
732092064
1193469506
1160174396
1259553496
1599571497
1116168279
1194064638
930599291
1218774327
1229563738
428538059
743227934
525399443
1604845717
855605922
1126087243
530681772
503233062
1069595067
1658618337
922112395
464553073
1048061026
954064247
305573943
938025940
1453825984
1380190182
1825075210
877826737
675375997
1405164084
82071085
343219172
1071828979
912143008
1435038987
1037108757
1099118239
754636121
845472591
514986138
619639014
1735472267
511753326
390793281
1416569221
1204632342
1393892499
1195147451
654849522
1264139444
746784451
1525034742
1764800264
766736144
484205350
421769578
1934603116
499317005
1451347766
867458348
489156499
477946501
138461729
881865872
891308081
1517525401
974898775
932474170
1191628809
1597800910
1505968277
1178145882
1660379439
1004788426
546388052
788693938
1540358600
1145471840
597403466
1212027779
768131218
763216562
558150513
1419948869
206849827
445929946
1530038511
127917637
590663029
248238518
1379366825
1136737612
1155397616
776524507
489097103
328742470
994375304
754107453
106354589
1611097224
1138535639
1621464882
832924435
748538708
926457032
1206818955
1287086106
610182325
525493401
696217230
1256513570
745896436
1034183649
1240802572
1875634597
831247471
619298700
1464419136
1351651079
1102392457
1199638618
1222362603
1219089904
943019600
1602304003
576684209
1888598580
477351150
971833456
1280627293
417443472
875445804
1003135777
1341800080
1364432952
1389131505
1289731371
871597011
1626428960
526825608
866052559
1537121576
1377703071
923965522
1010090589
1723159297
1163191712
1454274087
921115406
1200359361
1301499430
931732091
1008999043
1187505672
679401824
697783695
1230938411
906900483
1041721690
1151726669
1849639744
1647503635
551111562
1048597305
823117662
290820823
816176940
499302905
381222754
1480223552
235091687
1152596267
612918755
401821652
850891658
547218700
1066538383
726237673
1056507759
1414700707
518800051
1766986379
710552542
475605950
1191366504
889072977
922226289
1515448677
942532054
384116680
1138097972
1565607680
1443959296
968820948
1516071589
1027730192
791749040
889192508
464079803
829553406
769470427
192965322
450842283
950861532
521374762
405039858
824835712
527921634
500040689
1313511574
1620168781
1238574002
1094347769
911482396
816607594
1340427597
962154521
1412048784
985013140
1715063167
967377357
665844124
505389796
275640547
372280757
1052063369
1509596245
1147324882
266418503
1373370488
1068734665
1247773701
301603310
1372855598
1017929039
819639591
1079506983
1046401115
832623963
860012644
1063245012
1407293494
945629840
970405231
850053905
894343980
3815659
1585996125
370001982
1041991424
506937238
348675017
1340737473
610451814
1367661616
768088706
666969999
1289869288
702656231
834753399
1559848753
1043158340
658016310
582008623
1557462768
1036548273
1127225842
405197564
357194041
307668605
730676527
931101365
1025027024
1105351632
1291939252
789312258
1044062764
362192205
1327975738
151684654
750397361
1021560849
339539909
1649578779
916881619
965559910
327082815
1555405456
1220870615
503162051
756769955
459891126
1072559800
1014036545
1408788578
713811751
1061638659
922765289
1851676499
1213201095
807131627
899741483
902878919
470070909
321047295
1061768987
499951518
908787126
1276047184
869841283
1003941040
593114654
965896028
902419210
829314281
299778592
722190074
299774148
677572419
1275313040
1038361722
734081936
832518628
804388114
936474192
232519361
678543422
1052767606
775408518
1146493134
93751764
889347023
1280130649
1062285695
1540195866
841050396
84514899
1051699859
475948612
835680590
1199408985
1347451652
842494172
950133039
1493695764
527548166
829589283
979397058
918317737
1010414063
1079762655
335271098
570337187
938199180
788361414
884337779
448433371
786415719
558929956
1138482829
1265568578
877749381
1483071260
651055372
656422524
945518962
331531141
500838331
940324665
939950302
927225659
409569354
1310910670
748827470
1063827983
1190051223
1053275738
489455116
157407263
1606183164
1141831062
360784776
973415259
1233977107
392675601
788531169
1194001041
914207639
1452592720
744770101
667587733
544778512
1288144322
1630801246
1058672398
506168201
1493376611
1432786569
670881927
953941133
1198918656
923471473
710117363
998716564
788605890
608907005
526810258
542324125
906880024
1278956020
1096320207
1186417333
1191903239
1116771647
1013402352
1519624664
1154553577
1200873018
744619425
918332749
714910860
979622584
841882731
936187917
975195732
898281043
1013452377
1198876814
604755384
1609998695
634895087
392578602
995330513
997559292
742982652
222761738
1251239144
71955466
1299160544
610080111
1193931746
405958732
930197698
898830739
515454403
854567657
1086056455
585080811
1125971893
966570077
463626676
1816475998
569849924
1366959906
924711353
1349261951
876826746
1240116553
516517747
1043096933
1537520611
414009412
1738726486
795461721
940449740
917369963
920595667
1300394759
405706294
946952327
585437070
965475254
404904119
1897951179
1064874402
950795643
554062420
983281732
1085944104
283146808
1104830060
998631615
973910852
1056346518
1399768731
443878801
812271479
190400127
687375100
1066422148
1520541373
1034191561
1375905901
1647047277
1582871102
1361168169
340647702
933763897
1156105579
698832007
841088812
763378493
367689022
1091580755
1360190821
900412133
1108464619
1205515981
845125626
328907458
547498826
697350489
775564947
1087678381
1006265587
759481014
1494588321
315644670
1717477515
1079267904
261208851
1435320976
1492890036
841789349
900482145
471648585
1185519937
1170619808
1364131235
787708016
638346627
817517722
498737946
380267645
955454605
478279337
1435107752
769144851
248789684
486529110
863149538
931437321
910460793
635333883
795184011
511641057
934539891
991734203
876885296
646598768
1059152489
1117833948
1223474576
400097242
762525959
1117579461
1456418431
748581039
129314841
1657071886
418719857
521665109
1027133765
417143585
912895371
899971261
795713363
868012672
1118680305
782281656
1540840506
1752817110
884430656
1077674398
513411383
1294053018
1254714972
846009316
1197001444
1306782442
1383204845
1915823956
988540150
1045940427
722382085
603376465
777249000
979687845
1165425779
800650180
1305399572
917292683
1138822964
566936895
1629044980
987680103
1280220830
204127530
1369707223
1430913749
138823858
1167004654
1131796403
1117686131
1191952963
801072023
1871152783
1390007183
602597732
1550460546
1094081755
974182582
819703053
1460401553
323607995
1134860138
756742529
1615011789
308472551
920171829
954654601
454394783
838771600
1197805931
695184932
1527165221
440780093
635981183
161146770
400715829
1186936955
992106442
1256942619
629512863
512921882
994697435
1002847434
1071290558
854092936
1465184498
1525858591
593949606
1781782943
1076999620
859683443
1347744094
1407337536
954395716
1004527249
1243962344
723476166
1153607106
1205775060
85434217
560456193
1119181211
1461127417
183729575
1420175277
906906081
1198987000
1044363906
1151183441
1131814237
454921050
489382327
626390518
1502924393
472783059
593260321
671757584
512489479
1301732867
798140001
1471148706
552660001
1002839849
972305138
185705442
908104007
1089244650
1294681156
652091936
1338742202
1584550468
1374213150
1771667056
1220254215
287492409
1265451247
762387872
1700422260
1692750414
1075443402
1228389725
334809500
1567705068
1674568043
1331691454
514026666
1656809573
1736265769
1044504997
1240469658
1221383188
219366390
609583745
1050583688
643313887
1108328004
907199112
866462758
588124946
1052300861
550761144
966296057
832598096
1553603624
1476493673
318288813
1294877525
317102225
1269873703
1143051741
754240479
783405591
1699606012
1168711948
1211025141
1126046425
1546297872
1243236114
431830606
445215724
1719916623
310589393
692726527
1721042376
478145832
1549561624
721400291
1278927105
1409077273
1363749124
610944763
619703967
1179030029
1759005730
937936840
1399774343
834691736
952723193
1156883505
1577535834
674559486
317845487
759971395
911068377
1900762776
1405668994
1208528926
350889032
992889160
682443308
975872346
891956321
1211675121
1142436600
324669242
478894545
1189132024
1347020788
751735164
1567500797
437448229
909598259
1163143168
299257375
766083081
1338223401
252274932
519767096
1668880766
860737399
411426225
1010961535
631060149
878498867
1414601098
517468937
596884524
1089045990
1149989496
1772873334
465181977
1184109091
1566472866
1346482893
1166112956
731602574
380446884
738367039
1094230941
993088662
167570855
1509052878
1380450610
554997624
1498347596
764942841
174900378
1165310869
573554285
1573776585
1381168789
1333571412
1827017083
1263408206
711190532
860129124
1317376891
1323667519
1238765705
649270934
820725295
1712222493
437658858
334537706
1224201072
1003116640
344486408
1105718632
292675842
1676708256
696714497
1877204979
645696599
1642811308
1220672168
1299430604
1036238834
1344147562
1619362482
1943127421
859082230
855851455
1095967321
1067732606
660953185
527239725
1080378946
1097106340
486654599
1464449471
373284300
1346139052
1269916763
1036337535
950816890
1178514223
1155185027
971588645
271128689
1448815380
618529870
1310518029
830779581
752580508
1594004337
633780961
897166069
1363229916
1149532070
931245862
952915743
1297780287
1073434834
498170678
1052658463
1227383362
475198904
899091628
1030629774
403503448
1519970308
1153833505
1230293084
896147908
1072673131
1039247585
598727741
289139313
945919983
1175944869
626915313
1290260074
985375906
691445666
1442658113
624784340
728126376
1082051203
1338197521
1421003363
870868356
793380116
766040053
795846815
1059662285
546920138
1197481569
1111804351
1640934785
896672132
1500537464
229706156
1014166733
1120418213
803311978
624685278
607758664
245811114
1131064742
663760371
99436673
1868025173
1064600344
434947835
1800918445
845405379
1855364866
1386085517
693775317
1164320191
489493569
1258816486
653037280
1167643570
1251962315
945861131
416678275
1784230846
1240696426
591492172
1663384387
498482506
959762594
573326747
1436201269
1259376867
1363122969
1418569748
845218751
1416863236
1181161257
1241810810
992242357
1282530031
540111037
691913726
531365185
383452923
1315984714
1663245788
1473032352
1027637180
1827227556
781277259
676879819
878007054
1298409164
1240919448
221601292
1169981238
1643860472
1660527917
1274140854
305109106
711851117
1069559639
1451521800
1503117751
733655615
1809676967
1637550511
813079153
706831400
147795062
1417967404
1501686132
829343207
1052007518
860988491
1251904020
1665301795
434496049
1051763546
464504989
883076027
559887284
452122335
796329992
678284723
751983727
583105725
999347856
1398518738
978546571
1355255198
723196077
1375000255
1220192286
927158902
750842201
1653982451
836459199
1555107649
1398148334
1296479420
1636075016
558661877
1231579355
1133174876
641571567
594537818
724279845
488142753
702696850
1408835098
1047037604
1579463404
1532984990
663937913
1119974306
1085474227
680142474
1165961056
996074078
960063999
1306639842
1014175527
1269831650
1738420365
1371975920
223055325
1349769938
779078544
872490495
456561274
956669936
1559908704
1265802249
1080160057
801802696
1161226559
422152048
684255941
1495396942
1432809078
830110474
1154019552
482168478
941505192
883402722
1382096629
402958124
1244362410
1054527175
1322092061
1202737411
455949094
631533467
280450026
848156492
1645455593
1865654019
749875598
719257788
212728077
859517744
1039456956
948520642
1090452497
1044771020
65715075
1027027788
377847256
944840834
804044260
1044319010
1203363850
1237123606
1288157861
447075869
1379349123
500047378
1276252243
1130073642
1093048330
566148431
847564110
1005260529
1429299180
659708994
247849092
843036825
1137572286
937420733
1320845565
1235191189
342195067
919953029
1180367492
1640011822
141220086
1842535416
550439178
1235417826
1415558559
850010093
978022442
1803389475
1182868925
1072955117
1184015514
1350297450
1320678656
1033880597
623055513
929589332
1446980016
939948419
1024145607
1168075502
1230927785
615045094
1264937907
1171696937
928496211
346552084
1775678166
391168608
1482808457
888020755
1061469992
739931123
944382439
383128564
167749630
1673196106
1119881821
140393762
263129687
1145937712
1834882968
899431549
1322148972
1578158222
844941362
851322027
1692253798
365764216
1929022344
990191129
824114741
871961343
874985076
1239762153
1107450475
1161152351
757647678
1240703909
1276619272
1542448696
1346503010
1008196863
1732462618
1568965999
1759749797
1085062859
850278831
1729117642
1533612626
704368624
954621855
825897507
738053905
753643003
1296643833
1187322269
1015919820
539974779
1076715655
1440283476
615782696
867070733
1534814998
1060128106
1319267153
694770827
847582261
1322984444
769131366
917238677
1270401181
899999706
769076909
674107415
1195691812
1669343403
979868192
878650653
1235988970
906330118
1539281191
1395413585
335999303
1111386278
1216780824
443342421
938003886
384831499
853805446
1109311239
1050096322
509588768
1021157421
472199424
671398411
1303379994
876744468
838284777
819363736
974491471
867948102
1506481137
853713400
1657058499
1302434392
940461473
426307362
1287334387
1490515175
543047398
1109971055
932771545
446450532
1647454392
1017989802
1322703319
844105268
1625043503
574323740
575520610
1030175825
733932139
279099227
1517069262
1134415483
1204945259
225408560
858895112
1856422586
396455239
657833536
1816816925
1031447122
1276814925
1082308359
1257226303
1386785788
976990943
1223770609
1351600462
1722154173
1443754270
1571199258
886072330
1872663648
1142635389
1387722000
1359584000
1627128476
1601211276
1177135880
341087427
1800591763
676342467
849408885
1280790807
1677325681
837919877
1152266940
932132484
1867327258
1564763969
762364163
1225249857
705422426
1734901852
1068175567
1343988289
1454692123
400863950
1417888597
1499410548
534178425
222183220
428964752
182731746
1253883972
1152244783
1858599486
1149821014
514801427
855770622
1009109042
1416082417
1511310921
1292370994
1192146943
1777758541
1366463872
364935881
864559438
882468568
723914923
946814689
267795082
529411777
1111367994
965662166
1028460060
1138639281
918761038
302983675
601394348
347569540
1851880333
1540476244
1502772767
1268316859
1702615364
1079417033
1317676093
1081304821
808302599
953670556
1206573552
322457664
925917512
630025104
489294584
839126743
395753838
754618753
1169836074
1104043945
442438216
1349355483
270689204
919814919
1083153466
440659769
1423323360
1350975298
718558306
1243183698
1137418254
652503971
734867193
642507568
1152045851
777940689
1506500764
1405092848
1337869063
1943815904
1181813075
991363217
1575855890
420547247
1690375048
606940481
638811841
400591739
1536675856
717544382
950021198
1355415940
1093352621
941059801
555011307
940056103
755008430
434187349
428109091
1173017441
1487514400
1737483625
1259483652
1171747118
854601494
950499399
997502856
1741721051
772898554
256197991
655063359
1711499688
1686333685
727219402
536687091
766995345
824605450
1502131806
1317633675
253109158
1172397506
502764827
1467411349
1325769246
826778673
1129525074
909308242
924342846
1128106273
683963773
1108356188
1279457564
883635957
787787597
810735105
1180604527
1331416774
1181079376
1098361224
336899321
976563174
1098112322
999158165
962483061
248328938
659550644
588824407
616110314
529811756
1899253612
857352137
934165431
1669811509
953767772
1058476624
1259891202
1462428597
1601817982
399447478
602662054
840631168
547383375
1366330179
1083736958
732908023
1052591089
1099336711
872105508
1385145790
773052308
1430066209
787782688
1297634673
843964874
830796916
1092196564
246769485
1428982370
532083459
705757936
527676344
1435537038
831935135
943563026
1714588123
1283261616
197606470
499443527
1482927448
575031945
1061112590
1882117267
1750518874
1207457406
1741692178
797183363
510214824
1161693956
341368388
805444891
566809588
1262121509
1414656377
1653793069
410469847
1200351038
481471654
1121239298
1353569058
1608466054
1633920139
665922960
318650665
663274659
500547194
527369841
776444979
1231784970
1953296179
1341296287
250767144
665546616
754586628
1013642068
1492680432
911600107
817935107
672489521
1549981057
1076738680
630752531
490369604
400458699
1683991330
955114613
1049386370
1307808536
1193415171
626434808
810073104
1089433341
1495677145
840836432
1118442015
828923683
1511179723
546399652
1191607966
487216733
860136589
949820843
1325758081
291973969
614446642
1495431809
935056188
1289483153
86659331
85649754
779338522
1052015947
433135531
918770176
1422579706
960680834
1120748555
943723314
853934713
837797576
1669004474
805533668
910318364
1055340520
1184375218
1532316384
977421789
366944025
955028551
1079624085
704875101
289953747
520469442
1325499326
410781304
187718888
1319726625
768517969
341825735
1370051019
1491605782
1711801046
496099941
736088789
1501476988
667523832
1492809283
1238282651
1690916109
1341852644
711171399
941363861
975381119
1798280192
261193301
1318328590
1273809417
1556061307
422778841
1078945206
147381702
1546058632
763315454
1423597114
879071991
827702565
976772184
468299403
560789929
848486813
928034121
1897447813
1418529597
1296793686
238942242
632457854
509555664
785380993
1316383117
1006479615
972819855
1564318738
534571178
495042452
311387903
825071174
1176006702
1053643907
838762525
1433867281
1251910209
1094000532
1255013138
1742158259
1331280303
1341394300
1034491236
632859721
847999820
794186276
1382005113
1020697194
1700350234
1200758078
816965104
312757071
775976038
1906630670
1808807628
1156109620
1813701460
1027833936
1483590830
1348311521
1440836296
942883676
1141407476
870529289
1208358290
951737576
1309610449
1073948037
1790019603
1061017394
970639039
620975211
554663161
711443960
412413517
980152427
1061650485
887716683
1022854778
172330133
897026540
1423212244
594173384
952471132
907983892
234948544
534808107
637426852
1220779706
836997170
1271535794
1382516055
710080521
933535072
1183480210
575029243
892949609
669620506
1131288347
1135908128
957991839
899190379
522461538
611802757
1027063843
1316832356
1411719941
503784729
1395519064
519851740
321780832
750851778
1015057722
1103579952
1540428408
409494700
1045222665
1037538820
1152610972
1171886508
556237416
466724622
1056817870
857797001
882442930
906855163
598994355
1415351413
1675228647
1049194646
1321296820
1052911810
605245838
560296195
1283831888
1485362177
856634741
1703157275
1124395346
875252674
1330178125
490120873
1085955426
1189677742
774975300
1311567036
464956179
860362814
1005483580
778709985
252399268
994823332
1028618959
1026865889
409190163
1085848398
1064944363
1093276597
660913700
1440032424
594445927
626507775
917013274
1559287450
563728056
600038908
1466131041
719173804
902148988
1068298556
1270365732
1535152616
1223106271
1122382553
1463888039
1019641079
1037591544
1254098647
608680990
434275611
1580145365
1130391447
694707739
623302464
1395945229
500123420
692169021
85644475
1014364056
1616721032
1790549530
1523069836
1149664693
1444977198
1927949637
1589989378
1378004473
1732083109
1017751688
1040743401
1616937653
507155390
433284877
803663223
377619556
1476786601
1607898467
1193831812
1205437038
838828953
343022895
526851047
1398775298
991244717
990492364
586896984
928006836
649950808
1193245489
619326397
1332442191
1760876835
1200719298
1909687481
1208359089
1414470998
836917978
1112677079
276802426
991024756
1030547099
891174557
610706398
1364710882
869709999
657265335
1336131523
1531180896
1026381799
340347933
1097221233
785785704
664191953
241708154
800076387
1296624341
1045385039
1483699597
1066114952
1061165053
545585591
829234863
834829930
758507206
1228972918
630141194
1070638075
1307991557
1377236642
1532664766
1141582421
1044225626
864934743
976029805
720727908
865205850
128725685
833433655
540128835
1344380102
1293684216
1668569666
1071937271
300884090
1987403629
786673136
1876040081
628923534
819405683
1190690619
1063433114
999493050
1481069313
1120903946
829061744
389828822
1250641573
579258500
946445445
414273266
1358578922
1340913441
712935549
529902780
654926140
1547394891
1316768060
869488652
951869461
1576897714
793902130
1300783048
1683696016
1019594884
1064318679
628106440
811034877
1176548488
278967346
720534935
1781964859
1174689239
865962826
697841036
1251138773
1211924241
1036543511
1202195214
804520601
468030437
626326312
700985572
154706340
1432273411
986389525
574421052
1025044435
1026035741
1110787503
836098016
374377401
968597947
1765816662
1025971803
845338171
1583165306
919615175
967160884
216751743
650318323
1458804454
954526478
618285628
701450758
1016126635
778688117
1182273727
1226988941
1469220047
1197615026
774662623
1109615892
451736129
929423479
1417305144
1072451965
1351316843
1145509101
1194976164
894494471
749517902
1149919826
712713536
1401231188
1542412658
1389720522
572594165
1230304363
1109902688
757826161
1464159365
1577270933
1640783498
1002215683
1835469838
1058061395
945186839
753489364
755047195
787313567
1667891542
1398224968
1078656393
1289164042
1247114773
1556126467
809014943
1208718999
1546466051
1675312275
767838832
944659266
500464607
606012941
1450277197
655126161
1099570188
301775170
496272033
741712516
1224532225
1101812644
598597477
1533996204
1041113881
430760406
996680165
738392533
1508591472
560439999
1498002262
1084982629
562222786
1432987350
1005186778
709280058
866619695
1490641790
1384425245
1447103434
1283790058
438182382
144762322
503264818
810233580
511681401
981768223
533825253
654251654
960560768
1262901562
1299550897
530697184
1269649281
1407154877
476563462
358003756
1383741086
807670245
208214297
311226556
1803103166
971411196
769137622
529282737
1010156689
414340145
484305830
909735712
781009852
1458538489
1160265095
972923397
1351073315
863181976
1498776634
1728408046
305204690
1023812868
888099882
1313780801
1172577280
1739011315
1542086205
899447654
1150687281
1031905390
718603491
1246983232
481855258
1070776013
680113991
1608972041
389720296
621273426
1102329088
1073492297
588496715
858379733
1196363964
454630261
1567122179
1453278238
845393168
632821193
115312343
733478680
1659161764
1315728236
1163809476
841755554
1453061221
1257241437
559228722
1571507848
1003668681
989531978
1220618660
1832327144
473028279
496870686
908840519
1457874464
1184767457
997134457
1749018833
881426340
820296548
1327910672
409967758
907113339
724901903
513900372
556496299
1026077196
919051758
1364044036
1577782933
1963980852
1168904218
925468281
1450149842
1472577262
1207554944
742835844
1347497661
1745296598
1013797869
578446837
677276887
803234336
1431978545
877437058
1182231499
1031441820
986044155
720465173
1456250159
1207496509
298819754
636381005
1259620623
1254692993
1292885038
881062994
1106926902
1602975991
1371267480
995778248
402022131
1146963481
830129867
1010503821
776809493
1480994488
1550674205
429031885
1624760619
921212408
993581618
1739397799
689487257
1588927959
1261973926
575078293
1133208010
1582318629
561654728
782110031
271159239
725091546
1738061652
987335779
1503776367
590270472
645181183
995466696
1010127259
487773124
251663810
1232524890
1166207186
1026928242
1331705210
437267703
774775578
820843016
644206149
932545914
1103846550
896717725
152947994
100920811
1064091833
860315716
339576395
828559839
361859454
1160777277
1544817237
514981665
685010362
888633644
213547349
1165202505
641451252
1119725241
710488617
1116616289
484036980
1079903624
1679135839
1154662022
629037454
1065239199
665988605
1196243304
677413760
1221456995
1584347868
1429962800
1011863976
980652068
898279865
1504770588
882403829
1287463185
843801555
917695817
1393074691
372120421
643078542
988744121
1397987618
1400844009
975286346
1112580681
567118273
535071113
889950463
797257265
959944191
773270570
1664613412
1620474858
547685499
996558988
554028259
1176228345
711517367
1182492804
764679816
881815854
1014708069
1019490865
843235044
182075733
825501155
1693237034
1078147989
621953701
1071433767
1848047601
1033694051
1180955176
1209742054
921912231
914702981
591661879
530511951
786455374
649279832
828445943
1056569372
378192032
1072425887
1019336226
1415054722
903941560
558962416
1979834191
1277451827
1016002872
1147817110
226076804
1202668573
343072653
340457244
401724197
1735466073
1035607637
204627671
229059793
979357042
1103459534
854062656
753396292
325184802
804348442
956469836
1261747375
746739495
808790586
467964464
1341469578
1568918125
1543593784
1539435692
1507714731
558558404
1197761911
1607069171
801384968
505783814
1079363741
1333955566
935378054
1024358078
1162378974
707588404
1771788690
876443836
792505059
1025295089
1436998456
736428881
707646561
1816923779
534916527
569756106
1085818054
905674149
1521673910
1008464106
1197858846
828581617
1559177286
961490029
977281321
1115224854
1606158834
341141978
1263176446
1490671410
806650930
889801416
1847795760
953346378
1791626216
994531718
1000247473
840551752
529107613
1507667825
1356680710
1591407191
317512720
821647119
1405241031
420753582
907217681
422147115
580841343
1163319343
1468997863
311887209
534324247
582590057
1686708234
1255573808
770114187
711892575
1835149770
1100066185
1585732451
1189696325
1424554904
299537724
973547492
633696894
642655216
538776313
125994749
1578192709
1121089468
660680119
1360177001
743670652
1517522562
1630608156
1217472850
1221532340
1667027412
550597342
1088853816
1087562958
1428533487
1535600529
1097736458
1094509536
1721096369
1292927232
987803753
815810575
1048241929
1061747811
1197282501
1257928498
534599168
1288516764
384162257
1535560344
924748438
1500966624
1912622140
881797259
686427974
939114602
815508174
709474645
1284171856
1087556799
552439327
1041234242
1011210499
1253695013
828901393
1085039859
591217337
757853201
1572044349
1344756218
805767833
848738596
1337074618
1056508204
1270656174
999524241
229179925
1277688425
1247343463
962035564
946024837
873678863
962389947
1173760000
718683103
816942344
1175209179
1278363353
1770414998
1713295273
1054020020
1286311499
1162165223
774859362
1532454069
881146431
948630289
428660248
1571544168
556392183
500227593
919836621
839281472
1164353629
647854436
960722299
621863345
581835901
534447549
557120350
726799387
1405549938
1165716257
1724565269
967043558
989457447
764603209
1403161761
1210915413
557344622
1480443819
640405725
753669605
836923554
513501635
1246191256
493902401
1664347071
1341334267
856851373
1124674357
1142979038
1392993957
174860275
1017786064
859405144
1274925073
1392621458
1228489579
1691731896
1251356396
1587393347
1095871681
1418197560
1552109974
1232809354
1358297728
278802151
895176608
1271219990
1280556628
475160557
476906629
1467891148
824645261
1742569076
1860133211
1256778751
1190792025
417603196
1788464557
829884437
673680013
941712451
1156701924
848151893
853492770
678497847
922678504
1210743759
1307933813
537650559
315685184
1045743995
758763600
785755619
1301592796
1445218269
610061212
700948624
344371258
1106168567
1273870911
1008457455
1461064798
771952482
904573989
1046697394
1730109241
766480151
981220792
525215024
718640575
1228569732
89548603
264006414
586150976
1185719660
1833869698
1250742973
1435045112
1286102522
1563303455
1044801974
1403668320
1435738212
218984554
558010296
699604315
1054902283
1315984754
1873423929
281745245
1518032852
974685500
463992672
248022267
1202451613
663073956
1064377627
1167141885
832734908
819822671
484728361
820098557
1721876689
930094278
909626283
1345855086
544626527
224549126
1182044518
838549604
934859025
933585974
1085020200
1030364651
851048152
525229688
629722813
995959646
948439835
177345724
397729202
663146756
1141088525
1178413038
655753696
993599474
910851762
1527699310
1008373101
1023638726
1039993324
1302997877
955958949
752185112
1823858651
756883079
474806975
401213122
1546601075
1796082680
833567737
935930792
804473073
318175621
793403335
748799438
952538823
1333228882
771428537
990818636
1024875881
1226667945
1048188931
1271055915
1266255109
1525962770
1051829317
1460854850
1376886435
1296241986
1193434213
1103027611
633563704
549034011
1774295901
907343499
1733969882
1582859228
1036448802
884575539
863310893
1494797831
1497289131
948247797
1218726422
715885362
794205308
968635027
1282611927
1739326335
1323133190
1100140180
1638331608
1586173872
1641734961
762032578
1151327408
386583013
1121415800
1599943420
1474160642
415968831
856021888
1078339957
898796015
752875644
663303882
999706460
1885536621
1809763995
840638364
1200918768
1561772026
1314908573
895764997
176213444
1218816871
408191715
1281651870
1552055848
400458849
833552961
1353686368
1544011586
823724881
1137081843
760278327
983302038
556612856
1176436655
1562208626
176890893
660588530
1682332550
240898498
569336351
627622283
1363848974
817810996
1232374863
746627149
662625933
1076743969
1832663489
1190495214
69376833
553441728
476518440
1216844682
781467784
1490115396
1117806718
748619678
151229310
1020530517
884329791
1405825232
1084864905
388934606
1678822922
761384630
624294770
1456869377
805847794
603681875
1135306592
1289847036
1212117764
1091439647
893334793
270546176
733316591
824979992
1273366854
1771614278
991339154
458632537
1454296569
1617398137
633177095
310240621
1016588077
867693579
758121554
1171720138
377132378
943198147
449428141
907019044
1428667983
1057443303
1647501426
944366107
1299147732
993145832
1000979158
507386635
1389810443
1177152723
504346615
940112062
591726432
1624753457
1314500760
758755365
1113037812
1509154957
1079800890
709842581
188783595
1017333122
1877604986
880551209
999857471
1169448835
1532877679
1024055465
332904495
1692097155
1013460577
917240172
1702935725
989280964
1143922582
833286682
895486959
1330480554
464963455
1337775964
1730604547
765980017
1184976967
1873238853
1103551265
991222549
505090865
1734950366
842383863
1724758318
58540239
1007729481
203353377
631175316
1013382017
303333835
1372008840
1339222480
787303837
705482589
1713690402
1177424728
1355580083
93994502
1053140842
1088746641
1622511338
684276718
974638251
703595403
1318186589
585101081
473855349
1399718423
1824230436
423651715
334673235
1753140985
1444073957
569577132
1396311963
888146950
974487575
748197095
906717816
816117690
1448522326
1784719466
1014915429
304670638
1399069507
988720828
1482910177
310011768
1841850626
764200998
410992492
1727327295
207508381
1117053079
792931244
1113255579
1669974549
1062905700
1768614942
1327235705
1347095824
1240025423
589339708
506299142
862981939
1533081521
806915880
1248205159
1379822157
705976222
886197355
248233767
1150563389
903090291
1347136925
1112628799
1101181528
1532387601
1003359616
900590712
983477508
947862012
868767891
1481108566
192123205
1612547292
1692869842
1633799862
1458732724
378264499
1052318790
747237001
1274908876
1010291263
369430384
1232071792
1068094402
1201995839
658813686
1463665939
198049451
923555329
1123362839
132370722
691630662
451253695
1780120921
1147012954
155680063
1049585664
456158578
910279986
330398751
1299923436
240332750
433257218
662158893
880245352
753921883
651221357
134025116
934068418
215867380
1833087157
586279457
904362246
850352030
841493021
1169899200
786188479
1138934834
225218138
511143546
685349246
1582474923
1147708822
1234301154
1347045406
732178633
1465174367
1055173064
815552317
636747340
391998895
1065546001
1363233245
418854893
936164955
823252702
921756005
1234987363
699860016
515814867
646719666
575011053
653191689
811942010
785591623
1413728147
958496793
1540194644
1081281133
1339513714
779426211
375945302
1245807551
626912144
920763361
735939613
1496949505
1829453979
1450850652
1047119830
1612254296
1142930939
1074141464
656990040
499442488
872766902
802023112
897917937
1332183494
1145685504
1675734904
560087499
958671137
1274625365
612381772
919409155
204001950
1080798476
1343512011
497045114
680077260
1224676177
867382477
1341968737
1092414804
916168186
859797960
1319276267
375435899
1014279375
484994629
1014610268
1211890016
1491176364
939585416
1424262347
514298944
787329478
547878770
1201552587
498402307
1436151333
107595283
1576713766
944751204
352626313
162702921
1100655744
1163250584
1491153621
1187205825
705762159
1337711045
781822294
181030027
1017930147
1530002073
1084368063
1498629711
1178173932
823590698
1486388556
485879052
837315864
1596818418
1096415086
1358142892
748994401
811629458
1593424049
753648449
161690079
503579066
336616675
396841280
1054973668
1019789365
564746524
854358764
1392003568
965219426
1168394769
231679343
1803688634
874264997
1863863519
640322450
1608406492
1057262603
899961157
1066905744
383462606
917385535
665838292
1129359578
1193092074
1596116768
1063124133
948954190
1524793404
329312790
811705001
1159575330
1315631331
552021702
761223231
1008185727
895972648
702765955
555300514
944602914
1794188055
713998121
991805386
1062975286
1368239984
959286808
975831250
756438404
842124432
1351418769
853116225
940578005
1780727700
1045032781
1190344273
1008509375
1215495843
1010065598
1021848862
1300650288
601303669
1331023687
1191295584
1654023485
1282433940
851888664
969667967
1782558265
455389188
309792344
663898738
1375645033
673073391
818626477
1016679691
1226282073
1205442868
847861244
1609051792
969840630
1219045179
952327835
864613832
715249519
1359970996
534368317
208434824
1552769782
525772665
1142147712
1001191722
1177494452
328314647
1247646188
981999252
1485113666
923342084
1459061045
500182904
1304695641
821109662
784636140
1725021756
576727758
831063784
1086876093
855087153
1336370219
718415725
783937593
1284500418
981968127
810125076
1470994269
900000077
1585379858
777878748
825919192
1639202787
804127898
1336574708
1193206657
321016841
1586907599
668770257
984610757
642704266
428112926
1467975797
948272851
1419556878
1208165855
544911353
1604159207
974736552
794264802
953450692
1879156302
443716138
1730733865
179872523
1302718600
733480272
791831262
1178337999
1120131550
852914635
1133182339
907129410
1382320371
658557185
200154371
1344933543
854210060
1054094330
1186629799
749729093
670302479
684380811
812734710
1297766794
766206506
904666339
326639640
1439003235
452560512
849782320
1468357894
665967373
1681074093
858623255
831147224
1111845407
992147102
615501069
1468404620
960118241
868744477
554112467
995483721
706829531
1298475573
1594525282
1259864910
814205282
1455613926
1153857660
1111195434
1204273730
1409586695
1048834018
805162758
784702127
1064738214
1048838158
1179788310
1398722118
1364420382
709630907
191715422
986407806
1708048767
1034556445
1035604859
1285459512
1080319822
308293278
1557208423
1037852019
418001762
1340141319
1174434586
1124341544
1136823388
1379447121
775642816
272842607
1684776796
1928906402
1184812744
1776239944
216039134
1374295671
1382708699
405030362
261788943
1104738235
804979309
1021096362
607043520
1217673263
1395938611
1213543602
343722614
1662775181
800842212
871067990
1340158685
1128490546
573005231
1616477093
1569334840
1124747381
1810233031
430438415
634443120
1506865217
820428384
853802396
1702257370
861227109
1473633715
561618043
993258809
1015378203
961249116
1053719423
1182187374
1889511187
1204787648
1611492206
600837921
382432065
1572713358
1492610073
499239207
830443431
1631809894
968168805
1713060493
1161827339
1225966128
1090060149
811458677
890407775
1514977654
1629116652
1448809382
896606827
896532817
911921316
1289151596
978477357
1469928736
974401229
457958389
406280894
1032784934
1197309538
636062508
1182951762
1000605519
911931226
910995223
1093468152
826663014
620067548
1156021806
1680803305
1379411904
936839525
1445484921
1253699570
296482741
794450793
884388943
1301935207
1080821160
836294635
1096929593
688519865
1081496654
952743643
1177909504
1049646021
529371375
1235697526
1451065454
1343455470
1837711564
1084004762
767101840
1494199564
580414418
1084172261
1033941157
1183078732
762063836
1204475909
354222556
467508968
200289661
1027629660
1173681744
992753572
1012725219
1339680951
72759818
1534961894
766211128
481725439
784044771
863643980
744314039
1014580945
584322678
470440091
784048678
1643982561
1311189918
803321476
1103295945
1177277716
259828739
211739946
1532241643
1257088920
1728349996
1181545867
801740072
1383622638
1031980150
1743614414
1006175107
306177196
1469530411
894215908
693946244
1016420277
330556813
257740665
789827883
244742496
1924869740
1138046669
1187111683
1210949619
1238150193
742149031
955077318
1057267468
91216460
1319566924
1439137875
803396154
1485988366
1445315372
489946272
855228060
599817693
1521618824
622437660
1073663003
1063101633
1478108521
1395683995
95592102
805804324
472451726
1176789656
202251029
1325613833
1186683287
817907766
1540340655
1852664386
1498752231
1233098541
1473517411
1153797101
879615420
1115271522
1450273993
977731578
1104353489
594924831
1735855080
1177662170
1009564623
1052789454
299199817
1399477039
329972694
911691165
576392843
1724436975
500147712
1405572110
1330187393
460331508
902779096
1441990228
1562837850
854028514
219330195
375953601
1718871196
909133860
949889681
231996355
953635984
1138933196
1456364863
621207826
1298197342
1367875685
1033628751
988221644
541318626
1035458398
857354823
1363665785
1068447835
1770830544
1109923668
1060023485
1465425752
1373200625
175499477
720753647
556469490
560246783
1220520790
1447751592
1080019538
1062508214
785946286
1471805474
1380323028
968806159
603855931
510133973
1098956677
1026183513
1188376284
1124191295
1704065338
1123373942
499293414
1099039057
495862397
429519579
797567798
874038851
323139744
1065259431
1055445742
1744924111
528437777
1388832654
798591228
611432141
1641812196
1877731373
1178468864
1155382364
569422596
874061494
1109090858
1173728852
1092192436
671053293
1106566632
1171766382
1366863378
538926898
1033791503
401378101
1373131039
987500238
1102976280
819288688
1435035533
766512803
1084609178
1068282735
1196670036
862158273
592116306
1456283904
428383867
1327862586
1260800918
1067817695
1097931211
1027739727
1146414297
1063543099
647101557
1431248597
1413529573
347441066
1532236521
1105692377
1322690598
467577735
543853021
1005006165
868778574
1087796811
971970290
1188532762
1517756252
790595372
1243223359
1124849684
820679416
675641164
1483198469
825655523
1296202683
1016834063
1551852268
1331326007
773903239
837959385
558393982
920216161
1733011641
1614470232
804239752
1468036080
769342506
262912353
854515943
838969937
984197368
867494601
1005078498
697595987
895473989
1758408360
682840518
1011586747
917792556
650233243
871173437
870125454
1456101620
1614515308
998455650
881260183
1027889844
684888365
839560241
1136669093
946604899
64648504
928880180
565592461
1017957408
1042630067
487278713
1179076137
1007089777
1229196264
904062020
631418713
614289112
502855254
1085207474
1169947574
1204115291
568148843
1203890083
712496390
1062526901
1063091921
1186238988
1154195136
1574598567
1683637766
1834432300
925330391
1084744725
518417436
405758114
200190070
1140989438
1079801537
516720239
975776486
642771117
912476271
1126388338
570967326
1243279326
729058432
527730136
283459940
1333159600
1440929578
442564022
1646285300
834686942
831912479
1434513988
918508679
399163890
1174885135
339555396
1382242966
1183608913
826760290
1238745490
1083392906
1710657738
537037770
1818341822
1056242834
297864652
456765467
914208995
1363657210
792884050
728630430
1262823208
1067939038
1604332774
1823367326
1048686976
1383374667
290039166
316969227
817854235
731191345
256614334
1399158225
1347468160
1029569490
1320145310
846277134
443701523
1279546206
1144377950
1084074152
859433323
1192429811
871941784
1507461398
1027337780
446274051
876598696
292066373
1320057159
1429292247
1247119023
1461842055
1022433856
1095706372
1440111774
688367578
420268007
927790582
1025583255
752636712
1294167467
476869204
749684427
637060901
699818223
958544608
461889762
807013249
1622810327
1080583980
982624957
1609058594
1420942940
1212503259
1733286431
991714947
1801505244
936487227
1014203104
1094269851
972775906
1558370630
843634286
930376904
1408718215
1884691101
1219143284
848728616
1632827866
402857308
1751339018
1144722215
843081434
1148490600
956544364
1354478915
1216036171
658771015
1344103684
729815002
1205845849
1231125655
379102380
1016404000
1042994347
949105622
174563289
779813678
1325857270
1465519255
1211081138
1016149104
466748656
951582337
727824275
602413461
1179795868
857680766
875303371
1585107997
708248119
262056890
1482167565
885683411
1006920769
1390943499
982568070
862951024
1121673925
769821432
1906519736
677713491
1650304142
1174612597
740697692
1041471174
1018389430
1165257986
1883497009
474359085
1658362166
918282153
793281175
818424791
363509218
596977225
580282402
219018184
345178213
937389980
475336479
730823912
885668418
1168219006
1162331472
