1001263157
810792251
1371049353
1503139217
1156582612
1195952371
1517679652
1341160454
1144399078
1470656035
1083699562
792489176
1028895793
976527885
761461993
1376404275
265386686
629822890
1119398441
878681705
1310710870
762962687
1905034502
1385575902
1198436647
1140820282
987421100
671796912
351452379
1149337039
727669084
451224042
1528692434
962404599
1094331688
981946158
678394832
920796675
1731814851
915915334
1296627562
1137361137
1788560828
420078708
1407188858
1150679453
674297447
364195675
1467008863
744621003
1369001342
1132578926
698902510
882109424
1174191651
638007281
1219649590
106824975
330914152
603920841
304816844
1114671211
246134131
947622874
669581255
1529454215
639380687
1257153042
1010481584
499692962
348791220
489407490
515879695
386319915
1606294425
140863474
662767699
873924297
1170638271
1198021198
1230650302
1639081497
968725818
731750748
1001977267
408179641
1064766954
1580115228
512714797
163135138
609310807
1737954526
987421363
734898088
946471228
1403663635
1081695388
395711020
845391823
1637427356
1462753268
1134527354
892511397
1142726549
270705136
622400529
547529685
464354569
588578812
711060698
1216453402
1695716008
1299400069
846233066
648569772
852728946
1104701329
1411951541
848269342
994222458
1431315756
1604070863
590236438
969925699
1093027432
732082508
1046157927
1284915865
245279381
830129911
876173074
1313754829
803243589
994852959
704217367
1233599976
991926428
1042527694
642949832
988449344
320734546
591455437
1889492449
796640991
870910116
821436108
1534816660
742240552
529965357
776519359
447303748
1359764134
433682477
1234893317
982187505
1747134426
1344551707
842164838
962836084
1013351312
1240809375
1320904029
118028970
458727633
436453625
186245834
832442031
1791824439
1797651542
1290113077
509602152
1429242061
1346238880
1010600058
1562707031
359809892
997325971
1507379628
854185618
1934280491
1045074772
275199092
667630128
1246730190
1058894129
450087865
824478677
485899062
508555448
716249935
1501253118
806621415
889688488
1224413915
716792627
1686012685
1291367889
608123970
649388785
1035244467
1318160851
928835063
467747587
1217096402
920607606
1180628208
543917450
1025392055
530437426
591099734
1314061684
1660265336
1137432899
1541515817
556608753
1559577963
1215452666
735580845
1517178044
1540795097
774278336
1023717075
1248659140
1631918389
168054747
443168002
642888024
867125681
306431683
891544540
417578015
1094934624
1201015966
852326082
887928294
341000613
182821531
1351946205
840447817
875326111
1168642914
842540798
669996775
1343447923
1414641938
1392967299
859379204
922779417
1198651292
453170784
862241964
948304791
917715856
1573554570
1195739109
982565738
758873896
229717481
1261757954
1215111708
990848834
1220971255
873121480
1735296782
1862528078
684910969
50112920
1199658223
1458342761
685870841
408669615
986965489
387945547
1070903179
1090956485
1165751823
1153717050
209440621
1081543889
1520661929
1124243265
931890729
764094474
1413900558
786550362
478636267
646509617
1031916020
1517705435
560842002
1762881828
785329847
712656275
709601946
441198679
1478229940
443091277
829001407
899343376
1227595626
1463147322
360184159
1331806770
1075834961
1670664816
1559424814
985443470
550745881
337180250
112164738
220353595
1817694538
1383595334
1315804377
1629439957
1427791315
370983437
271755174
632605421
263261374
1344393727
843939387
1253799369
665336222
831500937
603346836
1388542676
838641893
1617887103
1411901545
663442532
1367206594
799369238
1667028171
1013333739
1388273709
1164231740
1427429839
821472445
1524565778
1367686469
474774864
876467656
25560113
1242002849
933928827
1548902124
750433010
537588959
137357470
1544711355
1093158469
363306767
1000519068
972200840
477930278
118094805
1383726845
475440001
857996209
881018668
1712945898
1039097629
840901236
671272534
1871985399
979338172
536773982
516363252
1617056313
764573884
1853435157
563558851
1571977814
1257870248
692020937
148229706
487441738
1238920402
1182397257
911079630
1178457752
316423973
867106695
1036172538
424163627
1514563674
426037397
1064095752
1214053515
777290741
1323397742
407799894
475778977
1015678095
666990865
832140427
443543171
1235207744
1188044954
436774081
1670312454
970441353
1482110017
1213053283
1164889053
599417640
997536576
628578709
1030259610
515291598
1146250024
1872476922
1322588193
1525922094
702117468
1155676763
284471797
676459620
1708356356
1233138493
1022709527
1646053391
1198082157
1190270745
247640941
1579286923
804425545
735790749
526584524
1348228578
1266302772
1287549627
941077072
181941225
1197346310
725124604
1417994618
843289627
968489714
1072900028
1548607684
1174566463
1806206089
1419619588
1775027667
1348588663
632824831
994923960
1118200680
1054244618
870312417
825366113
503930991
1249003857
1120429397
1702001280
468413302
874483731
1513981693
1038251096
1287009959
1189072995
647743964
1723302074
1520707691
1231916167
1666402674
1177561693
1216746797
397925409
1085179666
651892980
823076871
105405457
186241353
960508930
1575023799
793006970
1012040370
843689186
1715620232
1248524825
1007050118
259113241
1819066417
686525965
510154892
898060024
855007987
667601619
642459354
603782919
260246029
1668885801
1304126751
893036829
239858270
1157846744
1474461124
414895284
960011261
955699503
944162567
1145134579
994750838
1081167211
876343112
1038322833
1548892721
1307624781
947839139
1159928265
1092637186
1605907152
928079013
929178783
856782048
655090090
701864217
1075105923
1023820375
1883670733
1248139459
1271136062
602630075
1172329562
981440475
1554082444
639977495
1840558844
1349140707
1019027557
977680482
1134931398
864071975
876530628
752933198
1342423940
1228031422
892148225
841969436
931292335
1061593205
650040058
1495395173
491059476
718132570
1193085697
818846918
1288389364
907822005
1037018915
393430452
308280428
879621117
1200679923
1152625123
687337392
1656586696
846366821
1001197131
1373508411
514886061
654225634
1667960162
1284820803
1636850908
1352674267
1610574958
772536428
1258076536
603661688
455153962
1335776075
1327362826
1950350079
1509968549
482364836
1152853250
1015629356
1186039311
619072352
1661437455
929107260
1490468887
618967296
482639188
180919296
1271773935
1312419133
1177687082
976725063
1044939047
923732793
859216624
870044483
1643590192
306642369
1174927887
1639678842
625404354
1656658494
409825072
1916490096
1498506574
1457407621
956121003
1527898696
161653102
921136201
608655092
479956399
1094806706
1309996930
1063640915
1148175067
1056895836
445676070
638130455
603436726
1543835492
1650616408
679587288
750202720
803536974
1414321398
1294374618
1130776782
638973013
1041086830
225065703
1392372215
1045758349
1421630453
1109204499
405272916
363039297
1219867152
827099061
520636449
983961610
1057517520
824872492
1378923605
1377092917
1653914065
728309254
1907156676
1002060504
1053705592
420339872
612810658
753535016
928953379
958432119
935050766
828397821
698739286
522685703
840423670
914805937
822314095
452969228
330679353
969888604
1071496800
1013650364
1049063570
847111872
888254963
1060312329
770406681
1722482631
1369196460
1517420420
532219691
1773061968
1845775565
852595043
934658837
1557168759
1428865709
786444383
967756469
631984083
575030794
750405258
369194867
818162009
135706382
1108918786
1066078823
38943446
1614714217
1752226952
1752463747
837460264
1744906042
529230873
1127847692
1168923515
911789420
1298030332
755766908
838787655
1267068150
1234673120
1019119201
1629172681
1356587444
1072664945
1524672226
694366648
1050573577
1005576712
1267470517
866542187
1024148092
1691247223
1504123157
1356683776
45680853
307687045
1512671816
955807591
1485791300
1412144437
1318089098
382679287
553030436
726375049
1293281679
847942987
1136416523
1780231346
965973821
1164416282
269569504
679967559
970368149
1026752063
719514408
940680397
1371754248
1303423083
1701743656
1305989764
1419467575
718758374
1667231308
1240536747
1057535201
1142619921
876670230
587949329
406180635
1017108618
1138924090
1374665090
1114135179
751526967
863154348
1051623192
867047860
1254481987
1627264307
1179544909
542950691
866319962
1522338211
906395768
1548865460
1282526038
1286692177
1348043774
1481072033
978462905
381494481
516287532
1107327116
659357483
1387653858
924418571
807549703
1085809040
1042127284
1141035306
464258157
1763347829
1266220372
1564549226
953957649
890651829
754128021
953323189
1027492928
1792957769
898312628
612342042
551179512
1236991907
571310269
806347365
1170950155
1574680915
1019122971
1522586487
375477302
642908380
923735632
686567731
613181580
978283210
1428894066
971838111
1143227522
1234906648
1108485070
833952212
771726561
1270997001
1726434941
988177470
1380751206
1134918886
786740552
217771861
1056612199
104892924
953736740
1553551918
1431700741
804054926
344842372
849889696
1640607493
799182952
645749910
604707357
1283574862
1339351643
1153946283
1799796230
1174353109
501570610
1615660548
601446292
941534117
785709672
893049730
1626808310
920588061
1151902694
486500876
766939738
1489426474
1128802187
1189801337
1626253084
964849421
1625144821
988785504
1020064967
1006603053
974573095
1126720274
362624666
530926102
1281981356
819515732
1021017657
1737500955
1419350138
544179885
1859113126
964963885
598143772
680404577
1043496489
1290263231
958690199
659752058
1241113827
856789335
1183383217
882304327
574895087
1497961809
1218189743
1696516341
1445154758
1617693700
957478829
612451993
603989823
549985861
831021061
424631193
898827708
1676585762
659902569
953903929
1234666075
160156225
282488327
612515006
1539789120
589897607
1419641131
1012905133
1180505540
1557684727
1380394667
1630245861
1500310464
1246778048
887252468
1238321433
855863808
530820957
1405823765
610869168
774475901
454950093
735852327
1588109488
1347916160
299367677
888980393
1273557987
609363098
1128177830
1004924438
1168202775
931270018
742592016
833239263
165862778
895222682
1415435332
1245144549
620561730
503960853
994654177
1048233366
1114926734
1042606142
1517641729
571484878
821450182
1147586757
345488178
1124638963
989306571
549101141
689461558
1413727686
367541675
1527011230
838016462
744502386
470863905
871994219
755740227
693621292
885814932
1417161301
1151786943
678221365
972727387
1640939201
1530010041
1407749486
793386393
1094369458
563031778
1822511031
790388851
1207813852
1987865383
884434941
1463612684
1091625796
1672646231
1402579892
763532874
928991230
1276808583
739493123
938345551
349943978
531941045
1402068088
540594792
1271055042
1322372231
511100367
1369029763
1419366143
1148260506
1693472208
996665820
785604149
1140328376
446146420
974979956
958721482
1671519521
438088995
1438285445
1056322346
271126639
1027756110
1429434826
1737469224
1495028044
1105010985
548464093
1082070341
1255794048
1119883924
946460141
1385987904
636224885
972343763
976335913
1202369818
727833905
1187942936
816673281
1430259621
1103946664
1393746981
1186345712
1287718391
740565058
615435626
761224822
530457257
1234996532
145194899
910348002
1475944129
759564148
628332710
602911747
275523252
1259058103
968375548
744654656
971195910
502550411
424787634
936798480
338977873
1409844404
376255219
581455522
1283894637
494759539
1096833868
1152692164
927606599
1356733235
361831801
1093926265
1370141028
1571572030
374339506
1171517879
1797830813
934308019
422583428
861197979
1684158584
1826276971
707037821
469988861
1071520784
515435870
1571639969
1150159230
580454858
1001808759
1061906958
629645482
745978922
1681095594
1485007450
1437247714
1124214349
717546321
1592461506
1670642424
251583862
1771103479
1910521299
1308565444
1143861270
298760814
1342733685
836869877
1167838071
1122606474
707521927
1830443218
1160561826
1305475615
845315243
153438258
176907507
1115563535
813586273
1381588274
1463774484
1652800563
1059100582
944273148
1134121596
996370599
1292982860
1201500593
1164617019
1148774937
928313524
666878528
1518204299
918906706
937164468
1335604049
1483664911
1751900589
1302823728
1090263622
565498587
1173960721
366943654
657365045
1358971447
1594808441
697890899
1440886398
594348647
1300818606
1457515985
1367115206
1378231180
974115075
1368334662
1203001898
397888469
508550715
975743736
590035717
1625494216
1653656091
1050212859
989635239
800258439
841619254
1524372559
593994751
756266255
719898063
1368525447
656946730
842192281
1491807582
386839088
1029292830
599522209
195223469
1345373141
1933826039
700947392
593166757
1075480910
1312154974
995094758
781657703
1729034295
1664621498
339930917
1296151417
1129089972
615431346
1345013948
1427912857
934509672
237035489
401277149
685712387
263566165
389262529
440816943
487139336
1028955216
1000811094
726357917
1025388239
209244434
1186831373
635734575
267932537
1832768009
1677800196
1153242370
537586616
643816755
1294079118
1376072443
1097916480
1050067711
1146657762
719708892
705210670
1240213134
1200403284
965866740
1221994771
655994935
1062572990
741901500
928169661
1268398682
219684734
367452703
1903907576
1233099629
1081275957
903156464
1792530983
247985255
1124152923
942292817
1132141521
772404763
1196645863
1231264377
1141321219
753154884
1445648358
1093774143
1063603917
1118814683
1342289966
554521961
1829064376
1829538753
604890022
1186583792
1402986897
852462387
1170514283
1285659012
1439894052
1517270357
527772261
383800834
1430210820
1447941177
977077214
1071517336
1014751271
574358388
1577433067
1933744408
689006549
783738428
306442221
777484643
1367347927
1057643975
1703841402
988167383
1524722860
1246809386
1822676003
530280615
1035630865
869676553
1750946521
1127156285
1210397543
1740784116
1419343047
1427269608
548873344
855254032
1216257932
927890504
610974879
790390804
706399727
1712444151
898573126
1205065555
491128085
1623490679
746569935
947332985
1064168065
1574887191
731693887
1276511754
1196305858
1065517556
734592371
1549261615
575087707
836980116
1504437117
687325515
660452456
454605783
256417203
1016306990
1187014366
1480817951
1407538099
701250205
1227862979
1052822088
1085549914
608796412
565023443
986262971
849145706
693608988
1137388187
832933820
1270319297
648202209
1304328552
972333575
535965145
901771692
237303634
945445738
1163927790
1105158151
1809730145
1405505187
569426681
1018924874
1659469669
928557311
1764892759
1149014724
485665499
1243393744
1019813559
824117199
627021860
666155592
496395238
1268364478
945567409
381677569
911690054
581407683
738049878
1840672468
926606840
1476648605
1041658712
946383083
995888361
1502282268
1848415293
1370504291
1917535236
440115485
1235787417
809654304
1308644018
544583192
776930236
1360563258
1055137171
1733666941
1447869687
1390468719
43467579
361312494
1478572121
1443828817
1265248024
1070036662
758524100
1424082316
728435956
973829553
888608853
1176249505
1457353468
746336823
1160468177
770414649
1157808938
870183429
737966630
715203155
296091632
103122952
1765945507
873804968
702659318
1359524212
337362008
1342944614
826459422
902749293
725669768
1458811616
848047067
1309345950
1204698698
1413873563
494709145
1179460783
1672197220
1679509028
1775252642
703087906
903136539
1193865622
1318188424
1343880783
288642057
766596533
746941719
1267350366
901973145
1102091072
1212661534
1004868689
1468284087
1015249340
1729113897
1090227978
1402402232
1590632236
1666763932
1189850959
699618381
1415275387
175532815
964700194
324389187
977328124
887486751
1685539089
1533390010
1559216386
1079196032
1596618002
567122349
1031799319
399964658
1508787162
1321093976
1722878580
1475370558
890596092
1808480496
1612316586
1095671657
941298745
297390062
1575166689
1160315135
987732807
1004786447
329874735
570111800
1369130441
227727870
351626689
779063854
589431039
474756317
1164628771
296918786
1169487700
233837737
1098647580
1481989010
786191180
474560965
1934122766
344835406
449954587
1132290085
939151493
641936309
1487759654
107796033
537248083
1306380277
1056846666
1639063469
1047529666
1663165054
376952766
1089483306
456798136
1676809062
1146099857
829005247
674711476
1546742965
1033198972
706364486
242153676
1793559620
957522327
870610946
716832536
769295221
1215270690
1169404673
650734796
864297250
1013909245
877474993
1481440687
1840999658
1404718348
1375059457
502210922
1531836612
1110896549
759165500
277963434
927922419
629712488
1396496771
1341946243
1205132335
1742128339
1806866130
538637196
1089477026
1661933033
964903072
575298154
1157655689
1571175875
250630273
925510726
741901054
425762018
899993410
847051298
474634017
1663317635
1581784738
1479025169
1054972292
516870347
319995574
600677748
870254548
1116943801
872853662
772679893
1424016206
1124317689
1677066031
248212782
1183431388
1333410301
1350523589
994638295
1140290772
1494556547
857024097
444123095
961040731
324039258
769934368
930064469
949017220
682791887
336631981
1482020365
1357831935
890658762
643203885
884233380
872755139
826584647
1336512327
1229926677
327494348
1447888561
960280093
463273649
1323747211
821626459
111801214
1042885635
614110655
980537949
905974566
1000916762
1348146698
650919563
82688714
348045011
625181603
832421406
970445696
1033375930
450665290
1246241572
397507367
608591620
1873594741
1404011579
734767013
991036401
501509136
633895192
978436082
616853561
1499704658
1255043957
1306733363
880922401
821752818
1830863417
1710708635
1306950758
1400977732
667075166
1055404256
430385061
1105796051
66907102
1739830589
1356956432
1773430470
1578184376
1262280723
650342196
663537548
1192456873
1142874977
525821121
1357617330
1303909388
694277584
1341588749
1150583012
937788047
722505342
662270895
1202602985
790104148
1193584067
1168746355
620963253
1732174501
1266748404
538515988
626098510
1523683558
611741815
1319083813
1241874457
519641568
513010646
1236280746
1779721169
708356589
350430396
1550662512
1094190208
947995597
1177586844
678779417
629322359
795597455
1195232223
1048199495
1307083822
940221470
970652230
1200987854
1280899576
80563566
863357032
602647258
458358977
733023744
1276473080
1448451073
949732836
861384622
1207089395
835407684
596353024
1335022167
943266781
1347162344
1022463083
1745254019
1503560454
1070930860
857472332
1258697430
1016285430
841680829
1655884720
1169568690
1363620758
508022642
966615286
1127783413
1099048009
792634321
1229116898
715163776
1189954625
1218107088
389763769
978637703
622287034
1448661790
1318996997
806343115
1690043519
1164914046
1230851850
998071860
1075454395
1357657118
593796528
402467539
1032860611
1146506845
1812083346
309657845
1233605354
739453405
1170696173
919020797
899989672
437975432
685566221
1383150267
1821502573
1867963004
240572960
968889145
897165638
920084699
890310040
964285327
1137199649
1187205645
1194043391
544669651
1828835248
842153453
1154449835
1052606854
1360058455
948236354
760298042
496150047
1435988652
939803915
1448810000
1677446576
473316454
1490046177
1040412985
1006602549
1464938456
1498870008
464649593
474337124
1540100534
748096741
897064237
1771793447
1862861064
375239447
938960151
742320056
731513453
1413014123
877937222
1195370154
1557013569
932191060
1258731757
608619295
893215349
128756290
1539605846
714479318
1459615712
1216671214
349318596
578345286
592488134
1083681327
944782359
1071415017
830659576
604624796
1244190542
1066873620
725194785
679474977
1340200263
1176994812
758701750
1109994907
929321175
1209663208
1453099306
784464464
1244663919
1844266324
435454867
1431576942
647045516
498490094
971341882
340066869
828975881
803039915
693308815
1160234550
685390759
1067639224
1748885283
1033034016
1214409402
864361577
1371478640
1207902962
1463852023
1361490463
1358275110
681743942
277943538
1015802547
1065022485
161790669
1145003261
299793019
1129393762
936584001
955946282
506454377
415749579
1251488930
973376298
499148848
1251146427
1694397239
772116872
653625628
860276834
682301387
544968558
479750737
582882409
995298193
1610879146
1119910904
1685452698
555366471
1151533866
1044643034
618630984
960682285
514714693
1243341890
921640620
291515676
1313757132
1091198197
436867604
560915073
177186088
263361006
655196692
1429418481
1282267155
255402224
1439990081
491625991
1024864755
593567428
601587482
697501533
366432320
1100733815
1364936123
1511770223
1704405144
1334537848
1209696412
796871635
929149272
993260523
912161478
1468078083
1130692626
1604752763
737224466
1233221792
1471216253
533997555
1193679536
798131693
953112079
816068422
1242529460
750173015
765050663
1562807776
1449890455
361781176
1410914046
1205708024
1016182109
580665668
683835487
990279213
347863763
1093680775
950292566
972271094
771527513
981734121
1279165323
1320736410
898096482
825747509
1591176959
1127124841
1577148272
880366227
150685841
984624432
1007347665
358323639
921034793
1017391303
1257648986
1286032170
642810283
934884868
689817312
1006490800
766913486
701344507
678723889
826360418
1104580587
1546684924
1802070913
1217427377
861222759
1176696477
376024055
1025976540
487420265
959331448
1241846206
474413652
788136366
779505834
361183585
328835366
955864928
1086219774
773275535
993234173
1402017211
956642638
1049448229
733837158
511416706
1310159575
1325969286
550800045
1227354639
1522908555
856628578
1116991401
113864727
1063230061
1402217199
1705242229
1208554332
1150630652
1615752866
928089626
610562358
561085771
737789424
564189662
631669010
589908646
1368561413
1201128856
770042587
967269740
1551442789
1033934526
756856957
962384686
1008988605
848780526
1425061739
1777457720
1231007136
788949392
784472147
1484169173
828454675
1115859385
1046095382
571208115
964848751
591135322
844103096
142091439
1220274199
1337328262
981415013
970745001
1436695641
160119101
969549444
1137197375
942346062
1088468877
339539682
201033264
736546863
1228559363
586410490
378622646
1413556163
844995819
834164920
844900458
811249855
581398526
503807660
1403012664
1063378645
488432027
510943016
748279584
621380616
1320094321
673423150
1104223534
1506247153
585507223
1434533020
1001921601
583603359
1384045028
1659094298
1606188047
376361231
1344272156
230705171
864022522
675415307
804041913
1594216131
1425220583
1204175743
898809293
575914733
268305059
576516625
213424830
1099072005
1707723704
1256830328
459594143
1154193922
1819658660
730525814
1083415810
332322450
1713292161
620525246
505638201
835661163
605909822
1093693163
1529007639
227309589
744645963
585437611
828761622
1062201516
1397762873
1445058197
1090740811
928039066
1188162048
908080396
852781899
751274747
864511597
786376569
1044516978
619583742
515728475
1210550414
935902484
904107918
629225252
350946536
1038254153
566963404
764974304
1188141547
604801332
872401950
492506620
934756893
1641176916
878159597
506843016
1768147844
737008874
1283947768
1350531961
1101785156
1892950766
1526090783
904412609
1492523677
495755986
734698565
824831389
1484859535
810785336
954300611
598183809
800814409
579504152
977885260
567938393
1078012317
1274026834
1288473234
1150057724
1495496502
613710744
997286467
729612786
1312126464
654971945
1308178366
759652497
1095190787
779959426
1001196756
1278692640
889729515
582383926
1412038792
541650544
891078605
743995539
1034083086
118717680
527388614
963652838
583091809
1104736570
1199473274
1500769303
1751009001
1594059753
1003212997
949236289
1304181955
560230219
1392056937
640888026
1714942701
1456884627
222242687
1198216675
1816380476
706081606
647418891
598567998
1451921413
378443924
1491447169
391586707
532293811
863841267
1101283600
1571626506
973852148
459271389
831359510
953276855
825518296
1249240356
416114190
1402588041
763278901
850258551
349628050
1509760232
1057355802
921310482
1676482042
1359567047
1091757549
940004915
1233230340
568855504
1282652282
1241242056
1721160345
1042622384
774060026
735153826
1846567285
1593054062
1210346957
1101415220
773306723
1367072779
1635525641
1467781143
924153570
1002637200
790826321
1666875683
803150724
1038586504
1242696074
232472236
572026123
670823499
1305667480
1210800083
1577941959
1022498175
1215529478
1324415200
1475862257
992167713
1317079864
112574469
918239789
289763895
726796767
648142787
582439520
1410507008
1581875480
1173141243
410590807
1373797655
564510844
1027459032
177124971
1022684847
1417439446
578569262
1740710994
1230005010
1267454453
1300701412
1505398669
1195640776
281545677
388339049
749744846
1044339646
858878594
1120324431
863037810
824623931
1048579240
1270080166
797244046
505652985
570804304
1557405424
692684253
1162594085
883128630
1643747438
1165673687
978291663
1139903123
1798477020
1450585752
969824993
75274297
1093432265
1011970002
363323052
390078529
366704312
1127561638
850414295
1376253715
519751647
1195644688
512026654
1041206080
1183320496
1157983217
1447732830
877453079
512295577
902937926
652820937
1000761622
973876140
443113684
387137431
781472935
670069467
1008861655
793064053
883310796
1539654186
465786737
944999294
893563172
970261153
969756361
758286861
1069038675
1111244554
955059419
586893514
711116118
590192373
681908241
249873040
1034533673
456569427
658792533
907470861
845378485
326591950
1130360085
1510733690
554408793
911860956
975682345
267129769
1126555419
589975687
1087772599
673507008
1413155505
469530738
814748091
438945223
834327355
1392360455
824431402
589547679
871621133
1000246003
1450403080
1085416414
1124590689
1209882964
848522448
556208337
433732596
1067180805
1072667404
1062005495
534567239
890477366
1219556489
1121677857
1692233672
746711385
1059664556
1382111007
548099208
699989862
793518133
1041759555
1416847039
1709158532
1105727756
1709118267
402700789
904750539
968216976
754615957
286372109
974642447
984302984
846829982
936926048
613776258
426944615
1876761827
1126486810
457265903
183213042
572731694
1368972506
164786127
1180796420
1230832174
965613082
1400946465
273593218
1762848005
1383183935
733225357
938159245
358801946
977859298
727617154
1304975777
807477845
421938576
1329307264
837048317
1413270338
1381272683
786895666
1097535185
966936335
823807583
692933201
1201423918
1200600248
1373196508
951223503
1121434542
1559376089
647079394
704538017
923900578
274029823
946374606
1058558808
469708137
1156641538
220270679
641714261
931198210
1279423561
554886963
1624765916
1601064450
1207910095
865070752
1108781984
649236008
615561271
207953462
1050959362
1046672328
1461973587
1459099551
597275737
717255456
804924852
1132293116
953191691
987739772
233039990
682509637
774182069
1605532186
862496680
1348777393
859100347
1813548767
1119793157
888134155
1174224274
713987200
250614344
1230243574
857088597
1025976528
499237567
574084388
541310352
975000591
1325194455
1369825352
595053157
1856092934
1179270149
535438330
1147562028
1648596568
223995894
1397127822
874853712
1577184206
1104545316
1619136752
1596668741
1067478715
491912350
1155348917
677568818
655930405
597287168
161473594
405318421
1676413035
1304263248
526873789
820308404
1007074183
965226257
1775197841
1136612099
963463851
480376488
1729882545
1740165338
1146063782
617630966
1131124127
811559214
1374498076
759305434
469666262
580424208
1104242780
1244825216
1018864540
864419334
1106035306
833252340
174796628
1064314871
249125215
472883855
746337254
779170202
1057646901
805361078
1717526285
799352620
1102869284
1179111245
305997739
910639985
1175690500
688445815
469286365
710159954
1453544070
1314256923
552697798
81049407
941842044
562844282
1150843227
1457387743
1389952607
1324761562
741531252
779896187
808721556
1080121463
832631889
624048002
1132938817
931519220
797296993
433624837
1095939055
889440919
607110703
810982083
862363596
793588875
1189820037
565182563
497159131
1446837458
1117958999
906834183
1075048700
1462178329
610272056
791712748
1422002707
364232120
569210806
1289021572
860680165
1991395451
1300918860
296836534
895669364
369713580
317650947
664525402
1036025281
1599381908
1136643835
1044348874
373264160
1502413853
1046791036
1678364742
392042453
1034621882
1307373980
472592093
1268054799
1384610409
1490444305
436933551
940884014
1409545381
1473516490
308065063
1413965639
532361120
1452079064
717917248
798490300
651986400
1318197800
1452908511
453549927
453655406
829242412
1281353441
1128192380
707697148
1062152527
657077684
1084173557
1230853706
1009233402
1484894299
1776466615
943140294
247759572
498342790
1125508450
1637659617
1571819756
334602167
1178830150
1003586252
1228153913
949406014
1208762486
1105784664
404176438
939480818
1067331850
1064033383
663611657
909212425
1780205856
1478302460
880018656
736786296
462681360
284534837
713337373
1099539834
475114111
1229887135
625068662
924356374
1185091268
1113186550
1173447031
1354308983
1160520069
847113254
1371331815
107000229
1328274548
1916708421
1137786912
492603530
954760879
377140314
1455516858
1004168551
684519380
1410869970
706058636
1521788729
1147170695
592940378
1097143208
1039731735
968081615
1224097905
750823464
1000211172
1149325122
1515606120
699456090
961505891
1747995707
1159527495
1175528455
598831721
1724505980
648944675
179696739
506846232
1612248442
81580824
682298843
671232221
1082907954
1304087366
747330783
677695268
992875358
947562861
1744790248
1086826587
1455075858
650080282
1500501891
656901232
807051745
1563336602
1251684109
603182753
1562127198
700556207
1029009536
1710226686
1947004998
631998665
1115948457
286882310
852926771
816749419
873157607
426623034
1423971520
1330697007
461119912
1442048993
1473313467
1189527003
1287053617
864129401
1302860160
1500576895
1664491347
1555090865
934802279
1314882290
901065252
1085323854
431195730
812219791
1464711723
884906034
1069197427
1158251482
934764178
863447441
807825952
360454883
1548130698
973365618
1224717724
1020084362
1461441027
1605930616
966142671
1311921133
911695879
1327398791
819382810
357339222
517858256
718248986
591456655
822531390
1769332891
1891430123
1211575150
381491687
800886026
556684942
1747339712
1826634923
1589745383
927167571
411085193
864280191
847608815
422136687
1293497289
429601131
1378050005
1322674371
1249781697
1041818816
508418594
500742001
371752648
1254618021
1094264851
434871572
1340967339
1264473364
1533209873
993569183
421112431
891075577
1564732025
1092272528
1037909954
857466725
1259552428
1352176979
768970600
443839058
876778550
983010707
147406370
1014437491
1642230376
635775027
1473486974
1675921706
420965553
1060384452
903904031
1479705816
673937930
224935959
326261762
1497212750
627232541
1522384907
580101596
1181903213
544503789
1336089320
547434833
1552081805
761003879
1712379691
1572956043
1439534180
1926811068
1829424537
946905196
775542317
919063838
1133050727
1091028416
891356899
1330415220
1054184953
785804698
1751269955
469617571
431310444
910953413
438457990
1422931952
1504016440
991921461
1322710307
1778948654
504449156
963545325
636614326
1478434394
734954435
1355298939
1156206747
897773143
1029645304
78645283
832803751
1563701132
1359948082
625240536
1414819721
549257370
1009460999
391699723
430237539
946136510
1271369967
1564239564
875175128
1101434796
917730841
355929560
1049591893
1091581464
1167811333
1480036827
859639279
815331718
585731307
1112673665
931942027
83000837
1317961772
918620116
251905018
1099243276
765658954
1194761899
850580143
431749081
813252469
1345379633
398592361
970668184
1174585512
909789340
753204134
693627390
1508260307
1106866077
361297624
1043925906
1783588439
1211259417
747865193
1539464818
1393330277
517062385
1757743919
1850464081
1427336585
1181466442
430095636
1091570208
989473921
1419617183
1316685590
760273245
545242466
283315160
1141720472
1111041717
701783388
1622396343
588175808
435884816
1059165531
1254666482
908095406
820115960
951142322
1704775765
725934632
1890226681
666761945
565346154
1115511506
1545688935
588587787
1438815469
1523532883
493239634
1590662853
668082349
894426732
389216390
232701439
621374237
1033465979
533767814
546793580
1234546386
1608066298
818439869
1418348035
1478273949
1234844727
625246511
1341509484
1568587656
1450155398
194919772
601713476
1368862118
1350013245
1639285430
1451837246
1641363613
1300181183
1700403491
1320623755
436855601
969951844
974350147
1076625576
664226989
1462964080
1812524230
561507056
1731195958
1351006074
894903372
1184254051
557599916
1321006114
1029874205
1183376447
1317038336
1719459272
586142435
979332880
1016253665
1664883216
1286923165
330950818
959844752
227028427
1612943477
152111200
1154202088
776168891
1147112775
1291715710
645922565
1636553523
831425616
1092062047
753130894
1019683090
293637948
641367698
1169667599
1199498636
907211154
965338126
1440508449
1045992575
434507672
1114248095
615029582
993890139
1386385704
1774474654
780397073
1685120061
1667055534
621285008
325173334
770124234
537864962
943733543
1726712982
867109113
1080375873
1320316721
419867913
980680336
946254053
1754354979
700979428
783118035
1688075664
913183881
996095468
1236881843
1269068316
1033318606
1453408971
1226981984
830551626
1174408702
1287032372
1473479450
1425901656
622890063
1316050895
1225255325
241766851
1038484059
1407407403
528232513
1334105411
862019190
1150972823
714321539
930799907
1187968412
1135967850
707865117
1056938162
836898930
1510988505
985832645
1022661149
1204813173
1693610586
1006582758
365463305
319141729
1668853831
1347413283
1309172510
1702090348
275866948
1238202436
963820162
584860965
1654451635
1289218247
357315852
823706714
1401397377
876323462
1323340837
737829888
1551733683
1370905398
1361942201
1209116086
531382714
306221759
1757497288
1213055291
725048406
765196499
1111142066
957780154
1659222083
1023993476
1099113411
1500155319
1069432747
925884363
1057425969
370466266
347995850
1582468824
569293022
713760128
705463433
608552070
896354211
1323317416
1030377108
1145472734
1031630363
570584997
1432918287
766386937
618324299
1293443704
952942294
1063979029
397865313
449612715
1158356050
1202325471
1026098433
1063927719
550080392
965572438
1391562165
449313996
1246255704
1071271030
998823421
1278023125
1259797581
1497335774
351701127
1150393498
942371462
977896489
1854724814
1073229641
580585678
746480094
598073673
1074631007
699658551
1511225308
1736869844
967392186
877098727
1237200209
1159989084
722852836
1324361154
1188474035
1240308862
1165857535
669527059
1830526599
1112315734
1188568831
1276988566
985687777
97672597
1126398880
1462616568
431987069
134063941
1196376036
1490618277
1096459239
986523050
1417249160
1124110851
1526277796
444163613
448929474
1104489683
1048686926
363662504
636584632
1854053529
1387388037
1107419396
1423624308
823315425
1614456979
833142956
768146655
1344000237
1521939437
1207031144
1121611430
1570339726
472824140
877024388
927961717
1269529888
1096548746
908356349
702086013
355593858
730080313
1398096806
1074396800
748157570
1555765255
1019499924
1883292567
1233780954
816474713
927086183
664305131
1577577796
481710106
974659499
1709165293
203445486
1673696065
939997124
801770594
1327291366
1431725721
1585294924
1644008798
681639183
1185342300
695223171
1235113126
464473906
1331316775
819310201
1517697980
973493691
813524831
1261037611
538199343
738934944
804043773
1144831272
838370107
1003038653
1131102691
1212203789
1354035204
1284868619
214029126
1011541479
524873442
1435294732
1007224283
248923139
842558830
711702297
992909863
462031054
1116763368
384243078
1008069101
1358713548
907874237
1318996279
1475757112
555122842
45840939
457312885
1102777821
794643543
568857278
1104068304
843623637
767771703
1100217463
1453375734
429610462
532073453
379913944
919280694
978232636
735467775
884087432
1500494296
1138822667
1132337512
654241018
1489747817
1353546947
796809219
864613656
1421510069
1530879948
1004475721
1299769108
1803386811
1225372172
1121250282
1281214266
1085344650
1444390090
331977015
1121029876
1082425523
1258009954
1620998164
353576870
1227606162
991945379
1090967594
1127227136
705568707
1246215670
1038904608
1434975357
1432678022
1400824868
525947841
1111991641
637418004
869838246
629901324
868276599
809802572
1504836668
827745014
123679761
1341074589
1281020869
956240845
968570344
842816307
882266732
1091884387
950337918
1149790257
1004991742
609855430
724934447
1263517537
1149947996
725822022
1511917749
1242839358
1385184155
828244003
1110960059
1543899087
1101013380
1183166948
1598242683
1614843770
689183009
1630509936
1283877294
1700780259
811181844
1306763103
1337869577
1002962687
572405635
845466043
1110062259
924711384
1250121891
1007128012
1068398044
625960588
1275380066
1231619562
654073535
78546865
1197250228
1482560685
1388583347
189240984
1360364053
784572044
1488801706
1607201258
1689693378
1843218462
1052331524
710967604
926653806
328797879
756501366
213305856
656109427
1231016288
791894504
950693253
1264181976
1050692313
751737548
1658015748
1391995717
1656575996
1229036741
973916362
1038486507
1551404215
423052108
1438440355
964396886
695942906
1494398770
305611889
923047555
909493703
770162149
740514260
411132466
1449940887
1177091487
985415231
1150015712
1459971032
1114851090
1088960533
1006543087
962018079
417568006
951574271
783484705
930846050
937533643
1049336510
972723060
1163334367
848122769
947832081
1264922801
1383754198
1640327996
593551214
387373996
1167080682
1209277601
1087119701
973417790
875914175
990610463
1431574390
1376350615
1206254095
1792606826
672862065
954499277
887137948
415097756
611188095
1286846296
1292955297
516792729
1559299514
595573200
1571873458
1304693044
1042620300
1279653356
773805742
1219715079
1410922812
611721479
228789083
511231625
1092280020
521756040
636400074
1161000489
955208596
423280738
1552631449
464650436
841182159
1423225175
609242530
1456675059
1734801453
1064358608
525382487
727733578
484281682
1412144896
1245557043
771120876
564641742
1154749582
1214233546
1377360537
1793908063
1061116232
131758401
1473046267
1084528704
989806687
285342757
201439626
1628072821
837245539
790548688
994104256
438279655
1488644505
1322078976
227158258
994503856
981572201
1111419890
1441296864
466314044
1548282649
1172804827
745016931
1156665342
784074687
1089080272
1255506064
792634360
1093472584
963382179
771450160
1671747508
876075775
1470341154
1448422022
1193417228
885399520
1823256660
440776371
1029146012
938103446
1729798808
1050918636
1067476370
438822920
1566732179
377917335
648797391
1929340573
1606614762
1019091434
1361875565
1003199006
1522736161
1454956875
762549016
1649124301
549924261
435415488
948677632
844151952
1278820090
840663087
230340721
544428228
638069965
614025779
349345259
1460706417
949723614
1598943916
668172866
1177384861
1021415556
1487650656
1256790785
939848653
829923980
395558575
1038613479
472803945
1507654225
1785458216
1078287015
1056097406
1022196981
1415609189
741427863
634812018
729753491
1224840466
1775980115
303892534
1360508757
609503599
1637439482
118941290
440642587
1200551634
175582030
944479546
1577052019
299440570
1263096156
1022029440
925111004
591760277
1682277816
1433454223
1328996901
1359817295
768889008
1399837770
1338822300
1287410001
944474455
1470315827
857595120
970658661
1031497466
1070367047
1510000817
1268403490
1473211979
529688001
1612520540
1617376695
731971069
601963986
1556150850
924502856
1603817618
454834054
1463192720
631771164
77781395
1325467212
1704971156
584418125
1332428447
422042572
1361897893
1133441682
518832253
983079158
1062679147
1023787185
535232425
1644298453
610564128
1183378717
509837859
828457520
808618809
58466101
904846907
222608797
1091331923
907705292
1787912495
1332854773
224477802
859402564
1044084687
1371934231
1149914716
781719163
1087706287
909912795
723865456
164955766
1257656571
1216710200
1273730033
1116465327
1543307315
157170617
666125230
998838317
1219726235
511398352
573483042
775388812
1296450648
836306169
886466313
1212945363
1816818390
724356814
589493054
928310411
1089628236
1071424599
1634848601
1603199275
799172516
1214360336
1342001385
1445476008
1179970456
1481515607
1014168190
1138114090
1107356783
1280526534
1247498029
733017080
394310396
1222781206
974455278
1796324490
543374406
1205635876
1359696696
662997602
777216109
929239360
791277471
795831096
1029018623
1408267815
1219799047
1302436465
746603987
881829314
1424253032
1481338280
686379050
1353687925
1156928353
1291229263
894034221
786149245
1086270684
1261457456
765756284
1202454198
1726955869
832665955
1801428760
1369371064
694865278
471427265
643371202
787873677
1502158597
860041640
1846300528
1356281112
601003855
461458121
603317200
1337587738
1351677982
756566778
1299935438
1744202904
1692801943
823765122
668462944
1517425203
1100277498
1513626008
998534654
1014397734
497866991
520519170
1263803489
1150974704
667867369
731023586
1101731260
1122322358
846831486
1294119084
768832520
1348940487
1411373873
571485417
1510311345
1807094549
811519503
1394723536
778933635
1564695121
260508507
1287997310
833662729
1379650561
1107730922
1797165776
1328091980
1331548893
817970240
856093006
848467472
1066334509
668779300
629263434
1497131860
1540522225
1129538200
978439747
347520428
1427692435
1092403053
1062892494
178701334
387617787
197862561
1103139003
1605456800
1153450836
672374468
663801548
1071166852
865658571
1266803134
1363675034
556171638
618405206
714076317
399280494
1749841320
1178788284
1334702837
1174938953
1031313266
153869667
1191747729
917000896
1495482816
1353503136
1734888557
187939614
711878026
1153088832
809828810
889870450
781607671
735851657
565270007
544258411
1008171345
1006353859
511110982
787532028
1659789833
465749736
487391355
1028061771
559855131
852436484
798081359
1112297421
1352030974
805894516
956996313
706050185
1282218784
1151643926
1091481357
765923783
264274365
567675463
1142068011
688242954
823543003
524544466
641058254
275732896
1169275056
1390981753
1020632477
1388610491
341000388
1307471404
762960246
1239421772
900115203
737681623
59477338
849732707
1378985875
811270972
1104936199
1062098570
1415716777
114616101
969382610
1700830952
446127075
943986970
644132498
1001733640
1291322846
978921185
812707789
921557038
185539212
1253274849
733591723
1713681143
1084879519
502110942
1259825073
1131665953
445345720
1396073511
395360989
763244144
1380086716
655837308
1193044877
761371851
1470003707
834510590
387827167
1210646958
1221104541
1134484668
576941702
1610780006
983993471
599331977
1004949210
1290317646
551989388
1879192820
645921916
501794828
947847664
784957771
1208715594
916729136
1149000415
1119658995
1850654405
296238130
1283879317
575319029
490378867
991625511
846701844
570571538
1598604600
975631538
1278754165
1159432842
634779825
313114128
976669266
1109408128
1237681177
800467213
1882337208
254893641
1028044076
1368187605
58936736
803202462
152716619
644800855
460011771
1077966406
1730352360
1297052441
846267774
979233787
1576428750
1314372957
907476476
770268033
422022612
945769781
855531726
669234165
1000741327
882286578
1196642956
1447208515
109101753
1487870051
1401653011
335034433
649019375
506522611
880314215
462750214
764908973
1197841226
925724549
903646183
872971445
875926514
840276134
528208265
805206953
1329664959
839917880
728423633
642752472
1744042603
1580508681
1148139273
1356725264
680879980
250702706
240622017
993843771
693322724
1008375750
849625073
1351803453
735537081
1249172897
1728590228
1269479593
1118391559
775563693
963408756
493182705
1118251823
1227732915
1422718157
498940774
1002233951
61636478
1602897624
897724962
1452130238
1131748817
1791506055
174477516
577982501
919470306
1823454215
762930242
802141436
738896745
722825067
1073451807
1003346157
1805765602
700261882
141960885
968519134
414433778
927047823
1755878008
1445686743
891479173
1072829441
1631198163
785406361
643159195
802048055
786671166
767109752
437269270
1748331616
1019808287
1406780891
690401792
1167546688
1234430007
1227829959
1348947995
53298116
1279672872
793884886
1466953865
769220083
804715633
1288762581
1864996546
723184014
1605430455
340184045
750566843
638519036
1033915801
909191102
1742985278
1547795437
1000886046
476961907
949066795
1152307909
400332459
1289040494
955186785
625228502
696530970
572202972
638251862
608552387
1491821219
1370781298
730758229
1450144537
955181506
712907955
1395122344
692076306
1130214814
497833474
950080696
906168166
515766894
1133764643
898701907
1130470592
1260427399
601062903
547662580
1158049195
1598900771
1541608452
1088900418
1626091779
468877556
350917293
1258036634
1258578954
1441097643
978133362
1033601784
1032932463
938455941
1333429172
1153995182
493526995
849914508
535714027
997378412
1347699801
1001885940
1582628620
1093184937
1052156485
562357936
608389296
722163633
590440400
1739956516
821110182
724124140
705339867
1070203461
1276162118
1154625546
531484024
991049163
843417528
311129944
763006400
861490297
683900131
1787680921
444135537
1343867602
1242069354
1085393560
995188233
1056547836
596010701
1630291618
331110062
1780149943
1254669850
854613403
652895692
1529850314
450986206
930277257
355333043
771557544
1351503925
653958250
1449231417
927568479
1522968486
196276060
917114372
1337858596
1923297800
965894300
1361425910
648065000
1506844492
777121032
556399831
854562037
949832437
1106857121
792108052
154807228
1252301893
899018203
518819482
411600678
1348112957
487917310
301933321
1332469162
1129032510
1322865041
705223242
1679955580
545015291
867319731
1135290401
1134551937
761597327
318974865
622775877
1872326124
874398029
343953709
1661849936
531102357
573094904
1130685763
1314509581
1136247773
1001715901
954713684
1727023643
246974622
1711478473
443137288
786293210
884199724
493457944
1152348807
1111146739
1196312826
1436001716
1018080685
1012640351
847425208
1335084244
711950606
1486376161
1691965257
961642187
394954578
1240428219
916282215
999974300
548142372
1442776991
964861547
1087166918
1145546505
1509441369
1819197317
688897096
562159956
640173410
814013526
998683289
849801325
670682795
709205583
129666195
1447769826
473449804
911569545
1375625972
1075998062
778343597
1146245820
644820392
1595962785
802262588
1066438975
367000087
1435775719
1225821588
1068277374
1136852511
1021271793
447836812
539377178
963603261
798982137
1194060106
1576121518
752336329
977246048
914785415
1860645183
853589963
828409791
1458281199
1695895772
1525555031
1108721376
1476893065
351905032
846551307
647786916
1771902503
1508181203
1124688122
895059248
1223481008
1138808165
618459148
1129156263
585745460
1569002767
1103434675
1504094808
1159843408
1160717025
1081503219
941651201
911832297
44282379
981408846
613290356
1045823660
871430094
1000230860
780077401
1178854621
979585355
171778831
631446092
1142282651
418492998
780566743
886041237
768686026
1243176138
1088775603
846189920
874591376
1108359232
962712593
695751535
542566964
333797895
1261744439
503804337
1305986674
692804515
594882420
1153096005
1088432539
801729323
1178668400
1249243819
820331154
929586160
813107054
956451119
653191952
1387860873
277935908
1775341307
374815113
655335684
602533563
1335124975
1408778338
692063292
1310553404
434416988
754243643
1667007696
1386981708
662019730
1837418095
1448085411
1558717733
1001067243
761934909
106127576
1038421011
604133413
1022432837
982735696
976287227
785654811
1346448126
252587192
1583764333
954434803
762221813
199980028
1716828748
1221276889
1025433870
1381247293
1378539822
1054813405
1418744426
871680827
1556036384
1622530128
1152723746
1778804199
1068924707
1090024523
1552197362
1075517809
923663483
1585604395
976027692
1079614290
1662748314
814522325
448792245
1206814558
947030858
507480457
756133516
805962311
404595367
1269902210
579766449
1144514970
1802771337
1076784991
1270514170
1595356016
1342646174
1387655423
1009116787
205340544
1187743535
613066834
1760745817
511319272
215205562
1231273196
926955729
822675894
1529563717
1344813325
1124262773
513828246
1418088215
1272802133
1637582876
1806323507
913208799
1203814633
565332042
672760627
1227940059
1690527216
650200344
1361336366
1356483104
611510056
1323707519
707413244
1390878475
971251695
433121458
768560633
1222747774
862770191
1612905354
651135886
696100153
903393475
393627661
615203533
1090452194
1094358525
182211951
815594827
959091971
595920578
828337067
378031672
58875903
1006012788
1585050028
974224074
528203099
1233934975
1253070437
1038628765
456853617
1157867548
216963175
1462552551
558483099
955056156
501858512
949516859
1525251058
1909247493
1521025637
1569784351
610166855
1612634069
272373219
1211876637
1596397346
477538163
1652286044
1249925666
1266721081
1268365756
1663896501
1381514445
500202247
1950501906
923425268
531662166
1206116844
1135557016
864059012
1218655394
145045478
1523344945
618036358
1341701224
1536143369
584205052
798220755
279957671
1337327710
1079178058
738917946
1214017933
946079928
1037913317
265475654
1528279669
1458683480
579025105
633917704
710238143
714656710
584715783
706189690
837880408
1298920803
831988803
644498922
864429023
643280391
644199432
704245406
1311921075
560548757
895361105
548256653
1108504758
597496751
1330221308
799085127
593576622
1410986628
1215556388
1064640638
348087919
1535970977
564397293
1285454313
1178795769
610025075
668713881
1560423171
1272110184
752311222
1542500261
1656059263
994288582
341203332
58381084
1179516014
1548077636
1272500501
1439930890
978520331
1087801095
1551829011
988480733
1014446227
1301584832
909380732
494031582
1031206334
856667029
1131787925
1127909324
774607371
1286173274
748622051
835717092
1098039260
258266728
1184540388
1314598981
1250697750
1167068584
1162092718
760422348
1565836124
1616385877
839660235
243140598
1069422976
974089071
1329583101
881043216
860377676
1749133857
677831637
1744477365
663932092
1572489850
252068385
1102881429
870680646
1677580519
909349431
1067159307
1183287194
1484988210
1272931014
1611025311
1441028220
775259887
825833118
771093871
1213000328
703292979
1060593995
672106521
40339933
1122488365
1123643122
869314546
230504701
595347549
1425853664
1466038850
939112426
1742033183
773714306
800667676
674940531
445943158
1001036349
295507576
1533881953
864706444
1827060572
1010650400
1600440055
868534961
1048933223
1887379953
1275168132
1321307259
551381008
1025299411
1406416490
848999096
1289780983
1223117786
1232759294
1011708004
1392785830
1339887746
1370378417
1764806837
590684827
700595171
1214104135
846776755
1389131185
238120210
1524585913
900568503
925055649
984517588
1487164886
1451124648
121787624
975520968
335270259
964408287
487897692
571656692
1105880748
786475528
1191769188
1085256898
1015648156
1265135791
1163721042
1333339303
642850099
1271272137
699867789
874334267
856153424
1208848732
805584609
1125814451
1103039347
708134609
776848258
611786857
1339972812
1450123748
1133061300
214882046
235485693
1547832538
1131098431
487806145
1645262658
742844603
766993624
674896045
671200499
1313213574
988256620
1626899684
1540120783
356959019
1100518094
1881308032
1642949570
1086679858
1521312848
895333326
554799858
1536567950
1106289729
1363360461
1031027618
1276524027
1299596313
400489769
549253493
281877604
318138605
1131080772
1225085288
1185779873
1415590002
942701516
488275404
1736978202
662310671
1095861816
114263576
934053175
850603728
959819550
769907850
685494824
315241726
505248660
1582059227
973285574
1044057829
525203113
1428780153
702196742
872073556
1640357327
874213380
648920536
1470812678
1468232668
967008821
687577792
891080444
1226827094
891397868
786433293
450497882
330889914
384544279
1077234542
778195631
743260422
1070040331
1228923650
1005662178
1506106084
846609364
1118111661
1373711613
1520201908
916002010
1064951303
1102293816
790599782
1154445283
1049779076
1006166393
795562267
1171771176
558948036
938226787
1089534679
1608664833
598227186
257891896
1887173067
1913664150
1500508118
410035550
996965740
328820021
885758075
951351593
1559701815
1005351580
1257316248
1440360339
641033188
1166100532
1767365918
1660048141
1608813780
1899683551
137048366
651803303
1681185773
1026517067
371029279
940058665
899755281
1093376546
706914481
318081331
565093042
372977656
610623898
1131873929
1010922213
498793184
1563119878
1440403526
722735402
1599680784
861908258
810249565
1109767284
754260625
703219778
1455122998
698803609
804723923
1082151836
1293652406
1618205670
