999999999999994
999999999999997
999999999999995
999999999999997
999999999999991
999999999999996
999999999999921
999999999999996
999999999999997
999999999999993
999999999999994
999999999999937
999999999999998
999999999999993
999999999999996
999999999999901
999999999999992
999999999999993
999999999999995
999999999999998
999999999999998
999999999999997
999999999999995
999999999999997
999999999999996
999999999999981
999999999999975
999999999999993
999999999999993
999999999999998
999999999999992
999999999999992
999999999999997
999999999999998
999999999999998
999999999999992
999999999999994
999999999999962
999999999999993
999999999999997
999999999999997
999999999999995
999999999999998
999999999999994
999999999999996
999999999999996
999999999999996
999999999999992
999999999999998
999999999999998
999999999999996
999999999999992
999999999999997
999999999999997
999999999999994
999999999999996
999999999999996
999999999999993
999999999999998
999999999999997
999999999999996
999999999999998
999999999999998
999999999999987
999999999999998
999999999999997
999999999999998
999999999999997
999999999999998
999999999999998
999999999999998
999999999999992
999999999999996
999999999999998
999999999999994
999999999999998
999999999999137
999999999999991
999999999999987
999999999999996
999999999999996
999999999999996
999999999999952
999999999999998
999999999999998
999999999999998
999999999999945
999999999999994
999999999999998
999999999999995
999999999999998
999999999999996
999999999999998
999999999999994
999999999999996
999999999999993
999999999999996
999999999999998
999999999999992
999999999999998
999999999999998
999999999999993
999999999999996
999999999999998
999999999999998
999999999999997
999999999999998
999999999999995
999999999999996
999999999999996
999999999999993
999999999999997
999999999999998
999999999999995
999999999999993
999999999999994
999999999999998
999999999999997
999999999999997
999999999999996
999999999999998
999999999999994
999999999999998
999999999999997
999999999999995
999999999999993
999999999999997
999999999999995
999999999999993
999999999999995
999999999999995
999999999999997
99999999999993
999999999999991
999999999999996
999999999999997
999999999999991
999999999999994
999999999999995
999999999999901
999999999999945
999999999999993
999999999999998
999999999999995
999999999999998
99999999999997
999999999999996
999999999999998
999999999999995
999999999999994
999999999999992
999999999999998
999999999999995
999999999999992
999999999999997
999999999999998
999999999999993
999999999999994
999999999999998
999999999999996
999999999999997
999999999999994
999999999999994
999999999999993
999999999999995
999999999999998
999999999999992
999999999999998
999999999999994
999999999999998
999999999999998
999999999999993
999999999999991
999999999999996
999999999999992
999999999999996
999999999999994
999999999999993
999999999999997
999999999999997
999999999999914
999999999999998
999999999999994
999999999999997
999999999999997
999999999999996
999999999999994
999999999999994
99999999999998
999999999999998
999999999999992
999999999999997
999999999999984
999999999999996
999999999999998
999999999999995
999999999999991
99999999999996
999999999999998
999999999999997
999999999999995
999999999999991
999999999999996
999999999999995
999999999999994
999999999999998
999999999999996
999999999999994
999999999999998
999999999999996
999999999999998
999999999999994
999999999999994
999999999999996
999999999999997
999999999999995
999999999999992
999999999999995
999999999999998
999999999999998
999999999999997
999999999999991
999999999999982
999999999999998
999999999999997
999999999999944
999999999999995
999999999999996
999999999999998
999999999999928
999999999999991
999999999999963
999999999999992
999999999999992
999999999999995
999999999999993
999999999999998
999999999999993
999999999999998
999999999999993
999999999999997
999999999999994
999999999999996
999999999999997
999999999999994
999999999999998
999999999999998
999999999999994
999999999999998
999999999999995
999999999999997
999999999999998
999999999999997
999999999999997
999999999999993
999999999999998
999999999999991
999999999999998
999999999999995
999999999999995
999999999999994
999999999999996
999999999999962
999999999999997
999999999999992
999999999999977
999999999999996
999999999999998
999999999999996
999999999999996
999999999999992
999999999999994
999999999999942
999999999999993
999999999999994
999999999999996
999999999999995
999999999999992
999999999999998
999999999999997
999999999999993
999999999999981
999999999999997
999999999999995
999999999999997
999999999999992
999999999999994
999999999999995
999999999999994
999999999999992
999999999999992
999999999999993
999999999999995
999999999999991
999999999999998
999999999999996
999999999999971
999999999999993
999999999999994
999999999999994
999999999999998
999999999999995
999999999999996
999999999999993
999999999999985
999999999999997
999999999999991
999999999999998
999999999999998
999999999999994
999999999999996
999999999999995
999999999999901
999999999999964
999999999999997
999999999999991
999999999999998
999999999999994
999999999999998
999999999999994
999999999999997
999999999999994
999999999999951
999999999999993
999999999999997
999999999999993
99999999999991
999999999999997
999999999999998
999999999999994
999999999999993
999999999999997
999999999999921
999999999999961
999999999999996
999999999999993
999999999999993
999999999999997
999999999999995
999999999999998
999999999999995
999999999999993
999999999999991
999999999999992
999999999999994
99999999999767
999999999999995
999999999999995
999999999999995
999999999999997
999999999999998
999999999999997
999999999999997
999999999999991
999999999999998
999999999999997
999999999999992
999999999999998
999999999999994
999999999999996
999999999999995
999999999999995
999999999999998
999999999999991
999999999999995
999999999999998
999999999999997
999999999999998
999999999999996
999999999999992
999999999999995
999999999999981
999999999999997
999999999999994
999999999999993
999999999999995
999999999999997
999999999999996
999999999999995
999999999999994
999999999999996
999999999999996
999999999999992
999999999999998
999999999999995
999999999999998
999999999999997
999999999999944
999999999999991
999999999999992
999999999999994
999999999999991
999999999999992
999999999999995
999999999999995
999999999999994
999999999999997
999999999999993
999999999999959
999999999999998
999999999999994
999999999999644
999999999999993
999999999999996
999999999999995
999999999999136
999999999999951
999999999999995
999999999999995
999999999999994
999999999999998
999999999999994
999999999999998
999999999999993
999999999999993
999999999999997
999999999999996
999999999999998
999999999999997
999999999999991
999999999999994
999999999999993
999999999999994
999999999999993
999999999999997
999999999999993
999999999999995
999999999999995
999999999999995
999999999999992
999999999999998
999999999999998
999999999999994
999999999999975
999999999999995
999999999999995
999999999999994
999999999999998
999999999999998
999999999999996
999999999999998
99999999999985
999999999999998
999999999999995
999999999999998
999999999999998
999999999999997
999999999999993
999999999999998
999999999999996
999999999999996
999999999999991
999999999999994
999999999999995
999999999999998
999999999999988
999999999999998
999999999999998
999999999999998
999999999999994
999999999999994
999999999999998
999999999999935
999999999999994
999999999999994
999999999999994
999999999999994
999999999999994
999999999999998
999999999999997
999999999999901
999999999999997
999999999999996
999999999999997
999999999999993
999999999999995
999999999999998
999999999999996
999999999999915
999999999999992
999999999999994
999999999999998
999999999999993
999999999999996
999999999999997
999999999999998
999999999999994
999999999999997
999999999999996
999999999999993
999999999999994
999999999999998
999999999999991
999999999999993
999999999999998
999999999999994
999999999999998
999999999999956
999999999999992
999999999999991
999999999999996
999999999999995
999999999999994
999999999999995
999999999999937
999999999999994
999999999999997
999999999999994
999999999999997
999999999999995
999999999999997
999999999999993
999999999999996
999999999999998
999999999999993
999999999999995
999999999999995
999999999999996
999999999999997
999999999999997
999999999999996
999999999999998
999999999999997
999999999999998
999999999999995
999999999999991
999999999999992
999999999999998
999999999999993
999999999999995
999999999999993
999999999999997
999999999999993
999999999999998
999999999999995
999999999999998
999999999999994
999999999999998
999999999999996
999999999999998
999999999999996
999999999999998
999999999999901
999999999999998
999999999999997
999999999999991
999999999999936
999999999999998
999999999999996
999999999999997
999999999999995
999999999999976
999999999999505
999999999999996
999999999999998
999999999999997
999999999999997
999999999999996
999999999999996
999999999999997
999999999999995
999999999999998
999999999999995
999999999999996
999999999999996
999999999999998
999999999999996
999999999999997
999999999999995
999999999999998
999999999999991
999999999999977
999999999999995
999999999999992
999999999999956
999999999999993
999999999999993
999999999999992
999999999999998
999999999999994
999999999999993
999999999999995
999999999999973
999999999999991
999999999999997
999999999999994
999999999999997
999999999999994
999999999999967
999999999999994
999999999999996
999999999999993
999999999999998
999999999999994
999999999999993
999999999999995
999999999999998
999999999999997
999999999999993
999999999999992
999999999999998
999999999999995
999999999999994
999999999999998
999999999999998
999999999999981
999999999999996
999999999999985
999999999999996
999999999999997
999999999999998
999999999999998
999999999999995
999999999999991
999999999999998
999999999999982
999999999999998
999999999999996
999999999999997
999999999999976
999999999999991
999999999999992
999999999999997
999999999999998
999999999999997
999999999999994
999999999999998
999999999999996
999999999999996
999999999999997
999999999999997
999999999999992
999999999999998
999999999999998
999999999999996
999999999999996
999999999999998
999999999999931
999999999999996
999999999999997
999999999999996
999999999999991
999999999999995
999999999999998
999999999999994
999999999999991
999999999999997
999999999999956
999999999999998
999999999999997
999999999999998
999999999999997
999999999999994
999999999999995
999999999999997
999999999999998
999999999999996
999999999999997
999999999999998
999999999999941
999999999999992
999999999999997
999999999999995
999999999999996
999999999999994
999999999999997
999999999999994
999999999999994
999999999999982
999999999999992
999999999999998
999999999999995
999999999999998
999999999999991
999999999999998
999999999999951
999999999999998
999999999999997
999999999999993
999999999999994
999999999999997
999999999999995
999999999999995
999999999999998
999999999999998
999999999999997
999999999999992
999999999999997
999999999999996
999999999999996
999999999999991
999999999999991
999999999999998
99999999999994
999999999999992
999999999999911
999999999999992
999999999999996
999999999999998
999999999999998
999999999999997
999999999999998
999999999999996
999999999999998
999999999999992
999999999999993
999999999999995
999999999999992
999999999999996
999999999999993
999999999999998
999999999999993
999999999999998
999999999999998
999999999999995
999999999999997
999999999999998
999999999999997
999999999999997
999999999999981
999999999999997
999999999999996
999999999999996
999999999999996
999999999999996
999999999999993
999999999999996
999999999999998
999999999999993
999999999999997
999999999999997
99999999999301
999999999999997
999999999999996
999999999999997
999999999999997
999999999999994
999999999999998
999999999999955
999999999999996
999999999999994
999999999999995
999999999999998
999999999999997
999999999999998
999999999999994
999999999999998
999999999999995
999999999999998
999999999999992
999999999999995
999999999999997
999999999999996
999999999999998
999999999999995
999999999999995
999999999999994
999999999999944
99999999999993
999999999999995
999999999999993
999999999999997
999999999999996
999999999999996
999999999999981
999999999999993
999999999999996
999999999999998
999999999999995
999999999999998
999999999999931
999999999999988
999999999999996
999999999999998
999999999999993
999999999999992
999999999999996
999999999999998
999999999999995
999999999999997
999999999999997
999999999999997
999999999999991
999999999999998
999999999999997
999999999999971
999999999999991
999999999999931
999999999999998
999999999999992
999999999999993
999999999999994
999999999999992
999999999999994
999999999999997
999999999999997
999999999999997
999999999999991
999999999999998
999999999999997
99999999999994
999999999999995
999999999999993
999999999999997
999999999999995
999999999999993
999999999996603
999999999999997
999999999999993
999999999999992
999999999999932
999999999999998
999999999999992
999999999999993
999999999999997
999999999999997
999999999999998
999999999999967
999999999999998
999999999999931
999999999999992
999999999999997
999999999999992
999999999999992
999999999999994
999999999999996
999999999999915
999999999999994
999999999999995
999999999999991
999999999999996
999999999999997
999999999999993
999999999999998
999999999999981
999999999999993
999999999999997
999999999999998
999999999999996
99999999999996
999999999999996
999999999999996
999999999999996
999999999999997
999999999999997
999999999999983
999999999999998
999999999999996
999999999999995
999999999999997
999999999999998
999999999999993
999999999999994
999999999999995
999999999999998
999999999999998
999999999999921
999999999999993
999999999999998
999999999999994
999999999999998
999999999999993
999999999999993
999999999999997
999999999999992
999999999999994
999999999999991
999999999999996
99999999999995
999999999999998
999999999999993
999999999999994
999999999999996
999999999999997
999999999999995
999999999999995
999999999999992
999999999999996
999999999999995
999999999999992
999999999999993
99999999999997
999999999999998
999999999999992
999999999999994
999999999999998
999999999999998
999999999999996
999999999999994
999999999999997
999999999999991
999999999999996
999999999999995
999999999999998
999999999999998
999999999999995
99999999999997
999999999999998
999999999999998
999999999999997
999999999999992
999999999999994
999999999999991
999999999999994
999999999999993
999999999999996
999999999999997
999999999999995
999999999999995
999999999999993
999999999999997
999999999999997
999999999999991
999999999999995
999999999999992
999999999999998
999999999999995
999999999999998
999999999999975
999999999999993
999999999999997
999999999999997
999999999999995
999999999999995
999999999999997
999999999999992
999999999999998
999999999999992
999999999999995
999999999999996
999999999999994
999999999999995
999999999999996
999999999999998
999999999999935
999999999999998
999999999999994
999999999999953
999999999999998
999999999999997
999999999999997
999999999999968
999999999999994
999999999999997
999999999999996
999999999999962
999999999999996
999999999999994
999999999999993
999999999999994
999999999999997
999999999999994
999999999999991
999999999999994
999999999999998
999999999999998
999999999999991
999999999999992
999999999999998
999999999999997
999999999999991
999999999999994
999999999999998
999999999999996
999999999999998
999999999999997
999999999999997
999999999999991
999999999999997
999999999999995
999999999999997
999999999999992
999999999999993
999999999999996
999999999999992
999999999999994
999999999999993
999999999999994
999999999999995
999999999999998
99999999999959
999999999999998
999999999999998
999999999999998
999999999999991
999999999999969
999999999999992
999999999999996
999999999999993
999999999999992
999999999999996
999999999999998
999999999999995
999999999999997
999999999999997
999999999999997
999999999999962
999999999999996
999999999999998
999999999999997
999999999999993
999999999999996
999999999999992
999999999999993
999999999999997
999999999999993
999999999999926
999999999999993
999999999999996
999999999999993
999999999999994
999999999999992
999999999999997
999999999999922
999999999999981
999999999999998
999999999999992
999999999999997
999999999999995
999999999999997
999999999999997
999999999999993
999999999999996
999999999999998
999999999999993
999999999999958
999999999999997
999999999999993
999999999999997
999999999999998
999999999999998
999999999999996
999999999999998
999999999999994
999999999999993
999999999999993
999999999999993
999999999999997
999999999999997
999999999999998
999999999999998
999999999999996
999999999999998
999999999999992
999999999999997
999999999999997
999999999999994
999999999999993
999999999999998
999999999999998
999999999999998
999999999999997
999999999999994
999999999999956
999999999999998
999999999999991
999999999999991
999999999999996
999999999999996
999999999999993
999999999999998
999999999999921
999999999999992
999999999999997
999999999999966
999999999999995
999999999999993
999999999999993
999999999999995
999999999999998
999999999999998
999999999999997
999999999999972
999999999999997
999999999999998
999999999999998
999999999999997
999999999999996
999999999999998
999999999999996
999999999999997
999999999999996
999999999999992
999999999999995
999999999999994
999999999999996
999999999999995
999999999999996
999999999999991
999999999999994
999999999999992
999999999999998
999999999999983
999999999999907
999999999999995
999999999999996
999999999999997
999999999999995
999999999999998
999999999999995
999999999999941
999999999999998
999999999999997
999999999999998
999999999999998
999999999999995
999999999999995
999999999999998
999999999999998
999999999999995
999999999999996
999999999999997
999999999999997
999999999999975
999999999999994
999999999999997
999999999999992
999999999999994
999999999999996
999999999999994
999999999999998
999999999999998
999999999999992
999999999999998
999999999999993
999999999999996
999999999999995
999999999999991
999999999999995
999999999999976
999999999999996
999999999999942
999999999999992
999999999999996
999999999999997
999999999999981
999999999999996
999999999999997
99999999999996
999999999999997
999999999999992
999999999999993
999999999999997
999999999999998
999999999999995
999999999999995
999999999999997
999999999999998
999999999999993
999999999999996
999999999999997
999999999999997
999999999999998
999999999999995
999999999999996
999999999999998
999999999999997
999999999999995
999999999999996
999999999999997
999999999999997
999999999999991
999999999999996
999999999999993
999999999999997
999999999999996
999999999999924
999999999999996
999999999999996
999999999999942
999999999999996
999999999999951
99999999999996
999999999999993
999999999999997
999999999999994
999999999999996
999999999999997
999999999999994
999999999999998
999999999999994
999999999999946
999999999999998
999999999999994
999999999999995
999999999999998
999999999999996
999999999999997
999999999999998
999999999999997
999999999999997
999999999999996
999999999999997
999999999999995
999999999999998
999999999999979
999999999999993
999999999999992
999999999999994
999999999999998
999999999999991
999999999999998
999999999999995
999999999999994




































































































































































































































































































































































































































































































































































































































































































































































































































































































































































































































































































































































































































